[ 2018-02-26T09:46:48+08:00 ] ::1 /hlweb/index.php/admin
INFO: [ app_begin ] --START--
INFO: Run Behavior\ReadHtmlCache [ RunTime:0.025047s ]
INFO: [ app_begin ] --END-- [ RunTime:0.025141s ]

[ 2018-02-26T09:46:48+08:00 ] ::1 /hlweb/index.php/Admin/Public/login.html
INFO: [ app_begin ] --START--
INFO: Run Behavior\ReadHtmlCache [ RunTime:0.001161s ]
INFO: [ app_begin ] --END-- [ RunTime:0.001265s ]
INFO: [ view_parse ] --START--
INFO: [ template_filter ] --START--
INFO: Run Behavior\ContentReplace [ RunTime:0.000056s ]
INFO: [ template_filter ] --END-- [ RunTime:0.000132s ]
INFO: Run Behavior\ParseTemplate [ RunTime:0.122880s ]
INFO: [ view_parse ] --END-- [ RunTime:0.122972s ]
INFO: [ view_filter ] --START--
INFO: Run Behavior\WriteHtmlCache [ RunTime:0.016661s ]
INFO: [ view_filter ] --END-- [ RunTime:0.016738s ]
INFO: [ app_end ] --START--
INFO: Run Behavior\ShowPageTrace [ RunTime:0.014300s ]
INFO: [ app_end ] --END-- [ RunTime:0.014376s ]

[ 2018-02-26T09:51:34+08:00 ] ::1 /hlweb/index.php/Admin/Public/checklogin.html
INFO: [ app_begin ] --START--
INFO: Run Behavior\ReadHtmlCache [ RunTime:0.002194s ]
INFO: [ app_begin ] --END-- [ RunTime:0.002355s ]
NOTIC: [8192] mysql_connect(): The mysql extension is deprecated and will be removed in the future: use mysqli or PDO instead E:\xamp\htdocs\hlweb\ThinkPHP\Library\Think\Db\Driver\Mysql.class.php 第 52 行.
SQL: SHOW COLUMNS FROM `wx_base` [ RunTime:0.668053s ]
ERR: 1146:Table 'taizhang.wx_base' doesn't exist
 [ SQL语句 ] : SHOW COLUMNS FROM `wx_base`
SQL: SHOW COLUMNS FROM `wx_adminer` [ RunTime:0.728624s ]
SQL: SELECT * FROM `wx_adminer` WHERE ( `name` = 'admin' ) LIMIT 1   [ RunTime:0.044278s ]

[ 2018-02-26T09:51:47+08:00 ] ::1 /hlweb/index.php/Admin/Public/checklogin.html
INFO: [ app_begin ] --START--
INFO: Run Behavior\ReadHtmlCache [ RunTime:0.002107s ]
INFO: [ app_begin ] --END-- [ RunTime:0.002331s ]
NOTIC: [8192] mysql_connect(): The mysql extension is deprecated and will be removed in the future: use mysqli or PDO instead E:\xamp\htdocs\hlweb\ThinkPHP\Library\Think\Db\Driver\Mysql.class.php 第 52 行.
SQL: SHOW COLUMNS FROM `wx_base` [ RunTime:0.010986s ]
ERR: 1146:Table 'taizhang.wx_base' doesn't exist
 [ SQL语句 ] : SHOW COLUMNS FROM `wx_base`
SQL: SHOW COLUMNS FROM `wx_adminer` [ RunTime:0.061539s ]
SQL: SELECT * FROM `wx_adminer` WHERE ( `name` = 'wanglas' ) LIMIT 1   [ RunTime:0.376462s ]

[ 2018-02-26T09:51:58+08:00 ] ::1 /hlweb/index.php/Admin/Public/checklogin.html
INFO: [ app_begin ] --START--
INFO: Run Behavior\ReadHtmlCache [ RunTime:0.001693s ]
INFO: [ app_begin ] --END-- [ RunTime:0.001858s ]
NOTIC: [8192] mysql_connect(): The mysql extension is deprecated and will be removed in the future: use mysqli or PDO instead E:\xamp\htdocs\hlweb\ThinkPHP\Library\Think\Db\Driver\Mysql.class.php 第 52 行.
SQL: SHOW COLUMNS FROM `wx_base` [ RunTime:0.094956s ]
ERR: 1146:Table 'taizhang.wx_base' doesn't exist
 [ SQL语句 ] : SHOW COLUMNS FROM `wx_base`
SQL: SHOW COLUMNS FROM `wx_adminer` [ RunTime:0.459439s ]
SQL: SELECT * FROM `wx_adminer` WHERE ( `name` = 'wanglas' ) LIMIT 1   [ RunTime:0.444926s ]

[ 2018-02-26T09:52:07+08:00 ] ::1 /hlweb/index.php/Admin/Public/checklogin.html
INFO: [ app_begin ] --START--
INFO: Run Behavior\ReadHtmlCache [ RunTime:0.002231s ]
INFO: [ app_begin ] --END-- [ RunTime:0.002364s ]
NOTIC: [8192] mysql_connect(): The mysql extension is deprecated and will be removed in the future: use mysqli or PDO instead E:\xamp\htdocs\hlweb\ThinkPHP\Library\Think\Db\Driver\Mysql.class.php 第 52 行.
SQL: SHOW COLUMNS FROM `wx_base` [ RunTime:0.401514s ]
ERR: 1146:Table 'taizhang.wx_base' doesn't exist
 [ SQL语句 ] : SHOW COLUMNS FROM `wx_base`
SQL: SHOW COLUMNS FROM `wx_adminer` [ RunTime:0.610329s ]
SQL: SELECT * FROM `wx_adminer` WHERE ( `name` = 'admin' ) LIMIT 1   [ RunTime:0.012656s ]

[ 2018-02-26T09:52:20+08:00 ] ::1 /hlweb/index.php/Admin/Public/checklogin.html
INFO: [ app_begin ] --START--
INFO: Run Behavior\ReadHtmlCache [ RunTime:0.001265s ]
INFO: [ app_begin ] --END-- [ RunTime:0.001383s ]
NOTIC: [8192] mysql_connect(): The mysql extension is deprecated and will be removed in the future: use mysqli or PDO instead E:\xamp\htdocs\hlweb\ThinkPHP\Library\Think\Db\Driver\Mysql.class.php 第 52 行.
SQL: SHOW COLUMNS FROM `wx_base` [ RunTime:0.127680s ]
ERR: 1146:Table 'taizhang.wx_base' doesn't exist
 [ SQL语句 ] : SHOW COLUMNS FROM `wx_base`
SQL: SHOW COLUMNS FROM `wx_adminer` [ RunTime:0.139672s ]
SQL: SELECT * FROM `wx_adminer` WHERE ( `name` = 'admin2' ) LIMIT 1   [ RunTime:0.029856s ]

[ 2018-02-26T09:52:32+08:00 ] ::1 /hlweb/index.php/Admin/Public/checklogin.html
INFO: [ app_begin ] --START--
INFO: Run Behavior\ReadHtmlCache [ RunTime:0.002439s ]
INFO: [ app_begin ] --END-- [ RunTime:0.002672s ]
NOTIC: [8192] mysql_connect(): The mysql extension is deprecated and will be removed in the future: use mysqli or PDO instead E:\xamp\htdocs\hlweb\ThinkPHP\Library\Think\Db\Driver\Mysql.class.php 第 52 行.
SQL: SHOW COLUMNS FROM `wx_base` [ RunTime:0.653420s ]
ERR: 1146:Table 'taizhang.wx_base' doesn't exist
 [ SQL语句 ] : SHOW COLUMNS FROM `wx_base`
SQL: SHOW COLUMNS FROM `wx_adminer` [ RunTime:0.103500s ]
SQL: SELECT * FROM `wx_adminer` WHERE ( `name` = 'wanglas' ) LIMIT 1   [ RunTime:0.028754s ]

[ 2018-02-26T09:58:29+08:00 ] ::1 /hlweb/index.php/Admin/Public/checklogin.html
INFO: [ app_begin ] --START--
INFO: Run Behavior\ReadHtmlCache [ RunTime:0.002384s ]
INFO: [ app_begin ] --END-- [ RunTime:0.002568s ]
NOTIC: [8192] mysql_connect(): The mysql extension is deprecated and will be removed in the future: use mysqli or PDO instead E:\xamp\htdocs\hlweb\ThinkPHP\Library\Think\Db\Driver\Mysql.class.php 第 52 行.
SQL: SHOW COLUMNS FROM `wx_base` [ RunTime:0.010860s ]
ERR: 1146:Table 'taizhang.wx_base' doesn't exist
 [ SQL语句 ] : SHOW COLUMNS FROM `wx_base`
SQL: SHOW COLUMNS FROM `wx_adminer` [ RunTime:0.016709s ]
SQL: SELECT * FROM `wx_adminer` WHERE ( `name` = 'wanglas' ) LIMIT 1   [ RunTime:0.000860s ]

[ 2018-02-26T09:58:34+08:00 ] ::1 /hlweb/index.php/Admin/Public/checklogin.html
INFO: [ app_begin ] --START--
INFO: Run Behavior\ReadHtmlCache [ RunTime:0.001205s ]
INFO: [ app_begin ] --END-- [ RunTime:0.001322s ]
NOTIC: [8192] mysql_connect(): The mysql extension is deprecated and will be removed in the future: use mysqli or PDO instead E:\xamp\htdocs\hlweb\ThinkPHP\Library\Think\Db\Driver\Mysql.class.php 第 52 行.
SQL: SHOW COLUMNS FROM `wx_base` [ RunTime:0.021939s ]
ERR: 1146:Table 'taizhang.wx_base' doesn't exist
 [ SQL语句 ] : SHOW COLUMNS FROM `wx_base`
SQL: SHOW COLUMNS FROM `wx_adminer` [ RunTime:0.016912s ]
SQL: SELECT * FROM `wx_adminer` WHERE ( `name` = 'wanglas' ) LIMIT 1   [ RunTime:0.000372s ]

[ 2018-02-26T09:58:38+08:00 ] ::1 /hlweb/index.php/Admin
INFO: [ app_begin ] --START--
INFO: Run Behavior\ReadHtmlCache [ RunTime:0.001105s ]
INFO: [ app_begin ] --END-- [ RunTime:0.001211s ]
INFO: [ view_parse ] --START--
INFO: [ template_filter ] --START--
INFO: Run Behavior\ContentReplace [ RunTime:0.000378s ]
INFO: [ template_filter ] --END-- [ RunTime:0.000500s ]
INFO: Run Behavior\ParseTemplate [ RunTime:0.136695s ]
INFO: [ view_parse ] --END-- [ RunTime:0.136798s ]
INFO: [ view_filter ] --START--
INFO: Run Behavior\WriteHtmlCache [ RunTime:0.000883s ]
INFO: [ view_filter ] --END-- [ RunTime:0.000957s ]
INFO: [ app_end ] --START--
INFO: Run Behavior\ShowPageTrace [ RunTime:0.001191s ]
INFO: [ app_end ] --END-- [ RunTime:0.001295s ]

[ 2018-02-26T09:58:40+08:00 ] ::1 /hlweb/index.php/Admin/Index/shouye.html
INFO: [ app_begin ] --START--
INFO: Run Behavior\ReadHtmlCache [ RunTime:0.001248s ]
INFO: [ app_begin ] --END-- [ RunTime:0.001385s ]
NOTIC: [8192] mysql_connect(): The mysql extension is deprecated and will be removed in the future: use mysqli or PDO instead E:\xamp\htdocs\hlweb\ThinkPHP\Library\Think\Db\Driver\Mysql.class.php 第 52 行.
SQL: SHOW COLUMNS FROM `wx_order_goods` [ RunTime:0.120869s ]
ERR: 1146:Table 'taizhang.wx_order_goods' doesn't exist
 [ SQL语句 ] : SHOW COLUMNS FROM `wx_order_goods`
SQL: SELECT SUM(order_money) AS tp_sum FROM `wx_order_goods` WHERE ( `pay_status` = '2' ) LIMIT 1   [ RunTime:0.000976s ]
ERR: 1146:Table 'taizhang.wx_order_goods' doesn't exist
 [ SQL语句 ] : SELECT SUM(order_money) AS tp_sum FROM `wx_order_goods` WHERE ( `pay_status` = '2' ) LIMIT 1  
SQL: SHOW COLUMNS FROM `wx_orders` [ RunTime:0.012890s ]
ERR: 1146:Table 'taizhang.wx_orders' doesn't exist
 [ SQL语句 ] : SHOW COLUMNS FROM `wx_orders`
NOTIC: [2] Invalid argument supplied for foreach() E:\xamp\htdocs\hlweb\ThinkPHP\Library\Think\Db.class.php 第 425 行.
SQL: SELECT COUNT(*) AS tp_count FROM `wx_orders` LIMIT 1   [ RunTime:0.002012s ]
ERR: 1146:Table 'taizhang.wx_orders' doesn't exist
 [ SQL语句 ] : SELECT COUNT(*) AS tp_count FROM `wx_orders` LIMIT 1  
INFO: [ view_parse ] --START--
INFO: [ template_filter ] --START--
INFO: Run Behavior\ContentReplace [ RunTime:0.000321s ]
INFO: [ template_filter ] --END-- [ RunTime:0.000420s ]
NOTIC: [8] Undefined variable: group_name E:\xamp\htdocs\hlweb\runtime\Cache\Admin\128ab25a5bcea3f3f4aba13f4e94dcd4.php 第 29 行.
NOTIC: [8] Undefined variable: module_name E:\xamp\htdocs\hlweb\runtime\Cache\Admin\128ab25a5bcea3f3f4aba13f4e94dcd4.php 第 30 行.
NOTIC: [8] Undefined variable: action_name E:\xamp\htdocs\hlweb\runtime\Cache\Admin\128ab25a5bcea3f3f4aba13f4e94dcd4.php 第 30 行.
NOTIC: [8] Undefined variable: group_name E:\xamp\htdocs\hlweb\runtime\Cache\Admin\128ab25a5bcea3f3f4aba13f4e94dcd4.php 第 30 行.
INFO: Run Behavior\ParseTemplate [ RunTime:0.305468s ]
INFO: [ view_parse ] --END-- [ RunTime:0.305550s ]
INFO: [ view_filter ] --START--
INFO: Run Behavior\WriteHtmlCache [ RunTime:0.002776s ]
INFO: [ view_filter ] --END-- [ RunTime:0.002976s ]
INFO: [ app_end ] --START--
INFO: Run Behavior\ShowPageTrace [ RunTime:0.007201s ]
INFO: [ app_end ] --END-- [ RunTime:0.007356s ]

[ 2018-02-26T09:59:47+08:00 ] ::1 /hlweb/index.php/Admin
INFO: [ app_begin ] --START--
INFO: Run Behavior\ReadHtmlCache [ RunTime:0.001166s ]
INFO: [ app_begin ] --END-- [ RunTime:0.001278s ]
INFO: [ view_parse ] --START--
INFO: [ template_filter ] --START--
INFO: Run Behavior\ContentReplace [ RunTime:0.000326s ]
INFO: [ template_filter ] --END-- [ RunTime:0.000414s ]
INFO: Run Behavior\ParseTemplate [ RunTime:0.115130s ]
INFO: [ view_parse ] --END-- [ RunTime:0.115239s ]
INFO: [ view_filter ] --START--
INFO: Run Behavior\WriteHtmlCache [ RunTime:0.000904s ]
INFO: [ view_filter ] --END-- [ RunTime:0.008073s ]
INFO: [ app_end ] --START--
INFO: Run Behavior\ShowPageTrace [ RunTime:0.010805s ]
INFO: [ app_end ] --END-- [ RunTime:0.010914s ]

[ 2018-02-26T09:59:48+08:00 ] ::1 /hlweb/index.php/Admin/Index/shouye.html
INFO: [ app_begin ] --START--
INFO: Run Behavior\ReadHtmlCache [ RunTime:0.001150s ]
INFO: [ app_begin ] --END-- [ RunTime:0.001261s ]
NOTIC: [8192] mysql_connect(): The mysql extension is deprecated and will be removed in the future: use mysqli or PDO instead E:\xamp\htdocs\hlweb\ThinkPHP\Library\Think\Db\Driver\Mysql.class.php 第 52 行.
SQL: SHOW COLUMNS FROM `wx_order_goods` [ RunTime:0.109848s ]
SQL: SELECT SUM(order_money) AS tp_sum FROM `wx_order_goods` WHERE ( `pay_status` = 2 ) LIMIT 1   [ RunTime:0.000639s ]
SQL: SHOW COLUMNS FROM `wx_orders` [ RunTime:0.032754s ]
NOTIC: [2] Invalid argument supplied for foreach() E:\xamp\htdocs\hlweb\ThinkPHP\Library\Think\Db.class.php 第 425 行.
SQL: SELECT COUNT(*) AS tp_count FROM `wx_orders` LIMIT 1   [ RunTime:0.000941s ]
INFO: [ view_parse ] --START--
INFO: [ template_filter ] --START--
INFO: Run Behavior\ContentReplace [ RunTime:0.000205s ]
INFO: [ template_filter ] --END-- [ RunTime:0.000292s ]
NOTIC: [8] Undefined variable: group_name E:\xamp\htdocs\hlweb\runtime\Cache\Admin\128ab25a5bcea3f3f4aba13f4e94dcd4.php 第 29 行.
NOTIC: [8] Undefined variable: module_name E:\xamp\htdocs\hlweb\runtime\Cache\Admin\128ab25a5bcea3f3f4aba13f4e94dcd4.php 第 30 行.
NOTIC: [8] Undefined variable: action_name E:\xamp\htdocs\hlweb\runtime\Cache\Admin\128ab25a5bcea3f3f4aba13f4e94dcd4.php 第 30 行.
NOTIC: [8] Undefined variable: group_name E:\xamp\htdocs\hlweb\runtime\Cache\Admin\128ab25a5bcea3f3f4aba13f4e94dcd4.php 第 30 行.
INFO: Run Behavior\ParseTemplate [ RunTime:0.080986s ]
INFO: [ view_parse ] --END-- [ RunTime:0.081074s ]
INFO: [ view_filter ] --START--
INFO: Run Behavior\WriteHtmlCache [ RunTime:0.002129s ]
INFO: [ view_filter ] --END-- [ RunTime:0.002217s ]
INFO: [ app_end ] --START--
INFO: Run Behavior\ShowPageTrace [ RunTime:0.004361s ]
INFO: [ app_end ] --END-- [ RunTime:0.004520s ]

[ 2018-02-26T10:00:26+08:00 ] ::1 /hlweb/index.php/Admin
INFO: [ app_begin ] --START--
INFO: Run Behavior\ReadHtmlCache [ RunTime:0.003439s ]
INFO: [ app_begin ] --END-- [ RunTime:0.003707s ]
INFO: [ view_parse ] --START--
INFO: [ template_filter ] --START--
INFO: Run Behavior\ContentReplace [ RunTime:0.000329s ]
INFO: [ template_filter ] --END-- [ RunTime:0.000432s ]
INFO: Run Behavior\ParseTemplate [ RunTime:0.088710s ]
INFO: [ view_parse ] --END-- [ RunTime:0.088794s ]
INFO: [ view_filter ] --START--
INFO: Run Behavior\WriteHtmlCache [ RunTime:0.000875s ]
INFO: [ view_filter ] --END-- [ RunTime:0.000946s ]
INFO: [ app_end ] --START--
INFO: Run Behavior\ShowPageTrace [ RunTime:0.014011s ]
INFO: [ app_end ] --END-- [ RunTime:0.014140s ]

[ 2018-02-26T10:00:27+08:00 ] ::1 /hlweb/index.php/Admin/Index/shouye.html
INFO: [ app_begin ] --START--
INFO: Run Behavior\ReadHtmlCache [ RunTime:0.001820s ]
INFO: [ app_begin ] --END-- [ RunTime:0.001999s ]
NOTIC: [8192] mysql_connect(): The mysql extension is deprecated and will be removed in the future: use mysqli or PDO instead E:\xamp\htdocs\hlweb\ThinkPHP\Library\Think\Db\Driver\Mysql.class.php 第 52 行.
SQL: SHOW COLUMNS FROM `wx_order_goods` [ RunTime:0.019299s ]
SQL: SELECT SUM(order_money) AS tp_sum FROM `wx_order_goods` WHERE ( `pay_status` = 2 ) LIMIT 1   [ RunTime:0.000698s ]
SQL: SHOW COLUMNS FROM `wx_orders` [ RunTime:0.052136s ]
NOTIC: [2] Invalid argument supplied for foreach() E:\xamp\htdocs\hlweb\ThinkPHP\Library\Think\Db.class.php 第 425 行.
SQL: SELECT COUNT(*) AS tp_count FROM `wx_orders` LIMIT 1   [ RunTime:0.007951s ]
INFO: [ view_parse ] --START--
INFO: [ template_filter ] --START--
INFO: Run Behavior\ContentReplace [ RunTime:0.000239s ]
INFO: [ template_filter ] --END-- [ RunTime:0.000337s ]
NOTIC: [8] Undefined variable: group_name E:\xamp\htdocs\hlweb\runtime\Cache\Admin\128ab25a5bcea3f3f4aba13f4e94dcd4.php 第 29 行.
NOTIC: [8] Undefined variable: module_name E:\xamp\htdocs\hlweb\runtime\Cache\Admin\128ab25a5bcea3f3f4aba13f4e94dcd4.php 第 30 行.
NOTIC: [8] Undefined variable: action_name E:\xamp\htdocs\hlweb\runtime\Cache\Admin\128ab25a5bcea3f3f4aba13f4e94dcd4.php 第 30 行.
NOTIC: [8] Undefined variable: group_name E:\xamp\htdocs\hlweb\runtime\Cache\Admin\128ab25a5bcea3f3f4aba13f4e94dcd4.php 第 30 行.
INFO: Run Behavior\ParseTemplate [ RunTime:0.057472s ]
INFO: [ view_parse ] --END-- [ RunTime:0.057589s ]
INFO: [ view_filter ] --START--
INFO: Run Behavior\WriteHtmlCache [ RunTime:0.001116s ]
INFO: [ view_filter ] --END-- [ RunTime:0.001196s ]
INFO: [ app_end ] --START--
INFO: Run Behavior\ShowPageTrace [ RunTime:0.002634s ]
INFO: [ app_end ] --END-- [ RunTime:0.002748s ]

[ 2018-02-26T10:00:32+08:00 ] ::1 /hlweb/index.php/Admin/Adminer/index.html
INFO: [ app_begin ] --START--
INFO: Run Behavior\ReadHtmlCache [ RunTime:0.001692s ]
INFO: [ app_begin ] --END-- [ RunTime:0.001984s ]
NOTIC: [8192] mysql_connect(): The mysql extension is deprecated and will be removed in the future: use mysqli or PDO instead E:\xamp\htdocs\hlweb\ThinkPHP\Library\Think\Db\Driver\Mysql.class.php 第 52 行.
SQL: SHOW COLUMNS FROM `wx_adminer` [ RunTime:0.045497s ]
NOTIC: [2] Invalid argument supplied for foreach() E:\xamp\htdocs\hlweb\ThinkPHP\Library\Think\Db.class.php 第 425 行.
SQL: SELECT COUNT(*) AS tp_count FROM `wx_adminer` LIMIT 1   [ RunTime:0.014239s ]
NOTIC: [2] Invalid argument supplied for foreach() E:\xamp\htdocs\hlweb\ThinkPHP\Library\Think\Db.class.php 第 425 行.
SQL: SELECT * FROM `wx_adminer` ORDER BY create_time DESC LIMIT 0,25   [ RunTime:0.000391s ]
INFO: [ view_parse ] --START--
INFO: [ template_filter ] --START--
INFO: Run Behavior\ContentReplace [ RunTime:0.000090s ]
INFO: [ template_filter ] --END-- [ RunTime:0.000172s ]
NOTIC: [8] Undefined variable: group_name E:\xamp\htdocs\hlweb\runtime\Cache\Admin\ebe27b394f526df1f7bd81ba1acf4f2d.php 第 29 行.
NOTIC: [8] Undefined variable: module_name E:\xamp\htdocs\hlweb\runtime\Cache\Admin\ebe27b394f526df1f7bd81ba1acf4f2d.php 第 30 行.
NOTIC: [8] Undefined variable: action_name E:\xamp\htdocs\hlweb\runtime\Cache\Admin\ebe27b394f526df1f7bd81ba1acf4f2d.php 第 30 行.
NOTIC: [8] Undefined variable: group_name E:\xamp\htdocs\hlweb\runtime\Cache\Admin\ebe27b394f526df1f7bd81ba1acf4f2d.php 第 30 行.
NOTIC: [8] Use of undefined constant status - assumed 'status' E:\xamp\htdocs\hlweb\runtime\Cache\Admin\ebe27b394f526df1f7bd81ba1acf4f2d.php 第 72 行.
NOTIC: [8] Use of undefined constant status - assumed 'status' E:\xamp\htdocs\hlweb\runtime\Cache\Admin\ebe27b394f526df1f7bd81ba1acf4f2d.php 第 72 行.
NOTIC: [8] Use of undefined constant status - assumed 'status' E:\xamp\htdocs\hlweb\runtime\Cache\Admin\ebe27b394f526df1f7bd81ba1acf4f2d.php 第 73 行.
NOTIC: [8] Use of undefined constant id - assumed 'id' E:\xamp\htdocs\hlweb\runtime\Cache\Admin\ebe27b394f526df1f7bd81ba1acf4f2d.php 第 76 行.
NOTIC: [8] Use of undefined constant id - assumed 'id' E:\xamp\htdocs\hlweb\runtime\Cache\Admin\ebe27b394f526df1f7bd81ba1acf4f2d.php 第 77 行.
NOTIC: [8] Use of undefined constant status - assumed 'status' E:\xamp\htdocs\hlweb\runtime\Cache\Admin\ebe27b394f526df1f7bd81ba1acf4f2d.php 第 72 行.
NOTIC: [8] Use of undefined constant status - assumed 'status' E:\xamp\htdocs\hlweb\runtime\Cache\Admin\ebe27b394f526df1f7bd81ba1acf4f2d.php 第 72 行.
NOTIC: [8] Use of undefined constant status - assumed 'status' E:\xamp\htdocs\hlweb\runtime\Cache\Admin\ebe27b394f526df1f7bd81ba1acf4f2d.php 第 73 行.
NOTIC: [8] Use of undefined constant id - assumed 'id' E:\xamp\htdocs\hlweb\runtime\Cache\Admin\ebe27b394f526df1f7bd81ba1acf4f2d.php 第 76 行.
NOTIC: [8] Use of undefined constant id - assumed 'id' E:\xamp\htdocs\hlweb\runtime\Cache\Admin\ebe27b394f526df1f7bd81ba1acf4f2d.php 第 77 行.
INFO: Run Behavior\ParseTemplate [ RunTime:0.109055s ]
INFO: [ view_parse ] --END-- [ RunTime:0.109132s ]
INFO: [ view_filter ] --START--
INFO: Run Behavior\WriteHtmlCache [ RunTime:0.001160s ]
INFO: [ view_filter ] --END-- [ RunTime:0.001243s ]
INFO: [ app_end ] --START--
INFO: Run Behavior\ShowPageTrace [ RunTime:0.001179s ]
INFO: [ app_end ] --END-- [ RunTime:0.001269s ]

[ 2018-02-26T10:00:35+08:00 ] ::1 /hlweb/index.php/Admin/Adminer/add.html
INFO: [ app_begin ] --START--
INFO: Run Behavior\ReadHtmlCache [ RunTime:0.001099s ]
INFO: [ app_begin ] --END-- [ RunTime:0.001206s ]
INFO: [ view_parse ] --START--
INFO: [ template_filter ] --START--
INFO: Run Behavior\ContentReplace [ RunTime:0.000076s ]
INFO: [ template_filter ] --END-- [ RunTime:0.000137s ]
NOTIC: [8] Undefined variable: group_name E:\xamp\htdocs\hlweb\runtime\Cache\Admin\df5abf71e393cb976ff435ccd805bebf.php 第 29 行.
NOTIC: [8] Undefined variable: module_name E:\xamp\htdocs\hlweb\runtime\Cache\Admin\df5abf71e393cb976ff435ccd805bebf.php 第 30 行.
NOTIC: [8] Undefined variable: action_name E:\xamp\htdocs\hlweb\runtime\Cache\Admin\df5abf71e393cb976ff435ccd805bebf.php 第 30 行.
NOTIC: [8] Undefined variable: group_name E:\xamp\htdocs\hlweb\runtime\Cache\Admin\df5abf71e393cb976ff435ccd805bebf.php 第 30 行.
INFO: Run Behavior\ParseTemplate [ RunTime:0.036602s ]
INFO: [ view_parse ] --END-- [ RunTime:0.036676s ]
INFO: [ view_filter ] --START--
INFO: Run Behavior\WriteHtmlCache [ RunTime:0.000714s ]
INFO: [ view_filter ] --END-- [ RunTime:0.000773s ]
INFO: [ app_end ] --START--
INFO: Run Behavior\ShowPageTrace [ RunTime:0.001040s ]
INFO: [ app_end ] --END-- [ RunTime:0.001108s ]

[ 2018-02-26T10:00:57+08:00 ] ::1 /hlweb/index.php/Admin/Adminer/add.html
INFO: [ app_begin ] --START--
INFO: Run Behavior\ReadHtmlCache [ RunTime:0.002242s ]
INFO: [ app_begin ] --END-- [ RunTime:0.002367s ]
NOTIC: [8192] mysql_connect(): The mysql extension is deprecated and will be removed in the future: use mysqli or PDO instead E:\xamp\htdocs\hlweb\ThinkPHP\Library\Think\Db\Driver\Mysql.class.php 第 52 行.
SQL: SHOW COLUMNS FROM `wx_adminer` [ RunTime:0.014861s ]
SQL: SELECT * FROM `wx_adminer` WHERE ( `name` = 'root' ) LIMIT 1   [ RunTime:0.000425s ]
SQL: SHOW COLUMNS FROM `wx_adminer` [ RunTime:0.006132s ]
SQL: INSERT INTO `wx_adminer` (`name`,`pwd`,`status`,`create_time`) VALUES ('root','932b19338fc62c7b98a1050be794b206',1,1519610457) [ RunTime:0.046000s ]
INFO: [ view_parse ] --START--
INFO: [ template_filter ] --START--
INFO: Run Behavior\ContentReplace [ RunTime:0.000063s ]
INFO: [ template_filter ] --END-- [ RunTime:0.000125s ]
NOTIC: [8] Undefined variable: group_name E:\xamp\htdocs\hlweb\runtime\Cache\Admin\c871bba49b6ba63f385a8967a426d0b0.php 第 29 行.
NOTIC: [8] Undefined variable: module_name E:\xamp\htdocs\hlweb\runtime\Cache\Admin\c871bba49b6ba63f385a8967a426d0b0.php 第 30 行.
NOTIC: [8] Undefined variable: action_name E:\xamp\htdocs\hlweb\runtime\Cache\Admin\c871bba49b6ba63f385a8967a426d0b0.php 第 30 行.
NOTIC: [8] Undefined variable: group_name E:\xamp\htdocs\hlweb\runtime\Cache\Admin\c871bba49b6ba63f385a8967a426d0b0.php 第 30 行.
INFO: Run Behavior\ParseTemplate [ RunTime:0.054758s ]
INFO: [ view_parse ] --END-- [ RunTime:0.054847s ]
INFO: [ view_filter ] --START--
INFO: Run Behavior\WriteHtmlCache [ RunTime:0.001711s ]
INFO: [ view_filter ] --END-- [ RunTime:0.001790s ]
INFO: [ app_end ] --START--
INFO: Run Behavior\ShowPageTrace [ RunTime:0.001565s ]
INFO: [ app_end ] --END-- [ RunTime:0.001648s ]

[ 2018-02-26T10:00:59+08:00 ] ::1 /hlweb/index.php/Admin/Adminer/add.html
INFO: [ app_begin ] --START--
INFO: Run Behavior\ReadHtmlCache [ RunTime:0.001103s ]
INFO: [ app_begin ] --END-- [ RunTime:0.001207s ]
INFO: [ view_parse ] --START--
INFO: [ template_filter ] --START--
INFO: Run Behavior\ContentReplace [ RunTime:0.000074s ]
INFO: [ template_filter ] --END-- [ RunTime:0.000133s ]
NOTIC: [8] Undefined variable: group_name E:\xamp\htdocs\hlweb\runtime\Cache\Admin\df5abf71e393cb976ff435ccd805bebf.php 第 29 行.
NOTIC: [8] Undefined variable: module_name E:\xamp\htdocs\hlweb\runtime\Cache\Admin\df5abf71e393cb976ff435ccd805bebf.php 第 30 行.
NOTIC: [8] Undefined variable: action_name E:\xamp\htdocs\hlweb\runtime\Cache\Admin\df5abf71e393cb976ff435ccd805bebf.php 第 30 行.
NOTIC: [8] Undefined variable: group_name E:\xamp\htdocs\hlweb\runtime\Cache\Admin\df5abf71e393cb976ff435ccd805bebf.php 第 30 行.
INFO: Run Behavior\ParseTemplate [ RunTime:0.017243s ]
INFO: [ view_parse ] --END-- [ RunTime:0.017308s ]
INFO: [ view_filter ] --START--
INFO: Run Behavior\WriteHtmlCache [ RunTime:0.000835s ]
INFO: [ view_filter ] --END-- [ RunTime:0.000924s ]
INFO: [ app_end ] --START--
INFO: Run Behavior\ShowPageTrace [ RunTime:0.001344s ]
INFO: [ app_end ] --END-- [ RunTime:0.001419s ]

[ 2018-02-26T10:01:01+08:00 ] ::1 /hlweb/index.php/Admin/Adminer/index.html
INFO: [ app_begin ] --START--
INFO: Run Behavior\ReadHtmlCache [ RunTime:0.000991s ]
INFO: [ app_begin ] --END-- [ RunTime:0.001090s ]
NOTIC: [8192] mysql_connect(): The mysql extension is deprecated and will be removed in the future: use mysqli or PDO instead E:\xamp\htdocs\hlweb\ThinkPHP\Library\Think\Db\Driver\Mysql.class.php 第 52 行.
SQL: SHOW COLUMNS FROM `wx_adminer` [ RunTime:0.021769s ]
NOTIC: [2] Invalid argument supplied for foreach() E:\xamp\htdocs\hlweb\ThinkPHP\Library\Think\Db.class.php 第 425 行.
SQL: SELECT COUNT(*) AS tp_count FROM `wx_adminer` LIMIT 1   [ RunTime:0.000650s ]
NOTIC: [2] Invalid argument supplied for foreach() E:\xamp\htdocs\hlweb\ThinkPHP\Library\Think\Db.class.php 第 425 行.
SQL: SELECT * FROM `wx_adminer` ORDER BY create_time DESC LIMIT 0,25   [ RunTime:0.002240s ]
INFO: [ view_parse ] --START--
INFO: [ template_filter ] --START--
INFO: Run Behavior\ContentReplace [ RunTime:0.000084s ]
INFO: [ template_filter ] --END-- [ RunTime:0.000156s ]
NOTIC: [8] Undefined variable: group_name E:\xamp\htdocs\hlweb\runtime\Cache\Admin\ebe27b394f526df1f7bd81ba1acf4f2d.php 第 29 行.
NOTIC: [8] Undefined variable: module_name E:\xamp\htdocs\hlweb\runtime\Cache\Admin\ebe27b394f526df1f7bd81ba1acf4f2d.php 第 30 行.
NOTIC: [8] Undefined variable: action_name E:\xamp\htdocs\hlweb\runtime\Cache\Admin\ebe27b394f526df1f7bd81ba1acf4f2d.php 第 30 行.
NOTIC: [8] Undefined variable: group_name E:\xamp\htdocs\hlweb\runtime\Cache\Admin\ebe27b394f526df1f7bd81ba1acf4f2d.php 第 30 行.
NOTIC: [8] Use of undefined constant status - assumed 'status' E:\xamp\htdocs\hlweb\runtime\Cache\Admin\ebe27b394f526df1f7bd81ba1acf4f2d.php 第 72 行.
NOTIC: [8] Use of undefined constant status - assumed 'status' E:\xamp\htdocs\hlweb\runtime\Cache\Admin\ebe27b394f526df1f7bd81ba1acf4f2d.php 第 72 行.
NOTIC: [8] Use of undefined constant status - assumed 'status' E:\xamp\htdocs\hlweb\runtime\Cache\Admin\ebe27b394f526df1f7bd81ba1acf4f2d.php 第 73 行.
NOTIC: [8] Use of undefined constant id - assumed 'id' E:\xamp\htdocs\hlweb\runtime\Cache\Admin\ebe27b394f526df1f7bd81ba1acf4f2d.php 第 76 行.
NOTIC: [8] Use of undefined constant id - assumed 'id' E:\xamp\htdocs\hlweb\runtime\Cache\Admin\ebe27b394f526df1f7bd81ba1acf4f2d.php 第 77 行.
NOTIC: [8] Use of undefined constant status - assumed 'status' E:\xamp\htdocs\hlweb\runtime\Cache\Admin\ebe27b394f526df1f7bd81ba1acf4f2d.php 第 72 行.
NOTIC: [8] Use of undefined constant status - assumed 'status' E:\xamp\htdocs\hlweb\runtime\Cache\Admin\ebe27b394f526df1f7bd81ba1acf4f2d.php 第 72 行.
NOTIC: [8] Use of undefined constant status - assumed 'status' E:\xamp\htdocs\hlweb\runtime\Cache\Admin\ebe27b394f526df1f7bd81ba1acf4f2d.php 第 73 行.
NOTIC: [8] Use of undefined constant id - assumed 'id' E:\xamp\htdocs\hlweb\runtime\Cache\Admin\ebe27b394f526df1f7bd81ba1acf4f2d.php 第 76 行.
NOTIC: [8] Use of undefined constant id - assumed 'id' E:\xamp\htdocs\hlweb\runtime\Cache\Admin\ebe27b394f526df1f7bd81ba1acf4f2d.php 第 77 行.
NOTIC: [8] Use of undefined constant status - assumed 'status' E:\xamp\htdocs\hlweb\runtime\Cache\Admin\ebe27b394f526df1f7bd81ba1acf4f2d.php 第 72 行.
NOTIC: [8] Use of undefined constant status - assumed 'status' E:\xamp\htdocs\hlweb\runtime\Cache\Admin\ebe27b394f526df1f7bd81ba1acf4f2d.php 第 72 行.
NOTIC: [8] Use of undefined constant status - assumed 'status' E:\xamp\htdocs\hlweb\runtime\Cache\Admin\ebe27b394f526df1f7bd81ba1acf4f2d.php 第 73 行.
NOTIC: [8] Use of undefined constant id - assumed 'id' E:\xamp\htdocs\hlweb\runtime\Cache\Admin\ebe27b394f526df1f7bd81ba1acf4f2d.php 第 76 行.
NOTIC: [8] Use of undefined constant id - assumed 'id' E:\xamp\htdocs\hlweb\runtime\Cache\Admin\ebe27b394f526df1f7bd81ba1acf4f2d.php 第 77 行.
INFO: Run Behavior\ParseTemplate [ RunTime:0.019141s ]
INFO: [ view_parse ] --END-- [ RunTime:0.019219s ]
INFO: [ view_filter ] --START--
INFO: Run Behavior\WriteHtmlCache [ RunTime:0.000799s ]
INFO: [ view_filter ] --END-- [ RunTime:0.000872s ]
INFO: [ app_end ] --START--
INFO: Run Behavior\ShowPageTrace [ RunTime:0.001112s ]
INFO: [ app_end ] --END-- [ RunTime:0.001186s ]

[ 2018-02-26T10:01:03+08:00 ] ::1 /hlweb/index.php/Admin/Adminer/delete/id/2.html
INFO: [ app_begin ] --START--
INFO: Run Behavior\ReadHtmlCache [ RunTime:0.000887s ]
INFO: [ app_begin ] --END-- [ RunTime:0.000975s ]
NOTIC: [8192] mysql_connect(): The mysql extension is deprecated and will be removed in the future: use mysqli or PDO instead E:\xamp\htdocs\hlweb\ThinkPHP\Library\Think\Db\Driver\Mysql.class.php 第 52 行.
SQL: SHOW COLUMNS FROM `wx_adminer` [ RunTime:0.015298s ]
SQL: DELETE FROM `wx_adminer` WHERE ( id=2 ) [ RunTime:0.045345s ]
INFO: [ view_parse ] --START--
INFO: [ template_filter ] --START--
INFO: Run Behavior\ContentReplace [ RunTime:0.000059s ]
INFO: [ template_filter ] --END-- [ RunTime:0.000122s ]
NOTIC: [8] Undefined variable: group_name E:\xamp\htdocs\hlweb\runtime\Cache\Admin\c871bba49b6ba63f385a8967a426d0b0.php 第 29 行.
NOTIC: [8] Undefined variable: module_name E:\xamp\htdocs\hlweb\runtime\Cache\Admin\c871bba49b6ba63f385a8967a426d0b0.php 第 30 行.
NOTIC: [8] Undefined variable: action_name E:\xamp\htdocs\hlweb\runtime\Cache\Admin\c871bba49b6ba63f385a8967a426d0b0.php 第 30 行.
NOTIC: [8] Undefined variable: group_name E:\xamp\htdocs\hlweb\runtime\Cache\Admin\c871bba49b6ba63f385a8967a426d0b0.php 第 30 行.
INFO: Run Behavior\ParseTemplate [ RunTime:0.011529s ]
INFO: [ view_parse ] --END-- [ RunTime:0.011629s ]
INFO: [ view_filter ] --START--
INFO: Run Behavior\WriteHtmlCache [ RunTime:0.001004s ]
INFO: [ view_filter ] --END-- [ RunTime:0.001079s ]
INFO: [ app_end ] --START--
INFO: Run Behavior\ShowPageTrace [ RunTime:0.001314s ]
INFO: [ app_end ] --END-- [ RunTime:0.001386s ]

[ 2018-02-26T10:01:05+08:00 ] ::1 /hlweb/index.php/Admin/Adminer/index.html
INFO: [ app_begin ] --START--
INFO: Run Behavior\ReadHtmlCache [ RunTime:0.000892s ]
INFO: [ app_begin ] --END-- [ RunTime:0.000983s ]
NOTIC: [8192] mysql_connect(): The mysql extension is deprecated and will be removed in the future: use mysqli or PDO instead E:\xamp\htdocs\hlweb\ThinkPHP\Library\Think\Db\Driver\Mysql.class.php 第 52 行.
SQL: SHOW COLUMNS FROM `wx_adminer` [ RunTime:0.019549s ]
NOTIC: [2] Invalid argument supplied for foreach() E:\xamp\htdocs\hlweb\ThinkPHP\Library\Think\Db.class.php 第 425 行.
SQL: SELECT COUNT(*) AS tp_count FROM `wx_adminer` LIMIT 1   [ RunTime:0.001127s ]
NOTIC: [2] Invalid argument supplied for foreach() E:\xamp\htdocs\hlweb\ThinkPHP\Library\Think\Db.class.php 第 425 行.
SQL: SELECT * FROM `wx_adminer` ORDER BY create_time DESC LIMIT 0,25   [ RunTime:0.000394s ]
INFO: [ view_parse ] --START--
INFO: [ template_filter ] --START--
INFO: Run Behavior\ContentReplace [ RunTime:0.000068s ]
INFO: [ template_filter ] --END-- [ RunTime:0.000128s ]
NOTIC: [8] Undefined variable: group_name E:\xamp\htdocs\hlweb\runtime\Cache\Admin\ebe27b394f526df1f7bd81ba1acf4f2d.php 第 29 行.
NOTIC: [8] Undefined variable: module_name E:\xamp\htdocs\hlweb\runtime\Cache\Admin\ebe27b394f526df1f7bd81ba1acf4f2d.php 第 30 行.
NOTIC: [8] Undefined variable: action_name E:\xamp\htdocs\hlweb\runtime\Cache\Admin\ebe27b394f526df1f7bd81ba1acf4f2d.php 第 30 行.
NOTIC: [8] Undefined variable: group_name E:\xamp\htdocs\hlweb\runtime\Cache\Admin\ebe27b394f526df1f7bd81ba1acf4f2d.php 第 30 行.
NOTIC: [8] Use of undefined constant status - assumed 'status' E:\xamp\htdocs\hlweb\runtime\Cache\Admin\ebe27b394f526df1f7bd81ba1acf4f2d.php 第 72 行.
NOTIC: [8] Use of undefined constant status - assumed 'status' E:\xamp\htdocs\hlweb\runtime\Cache\Admin\ebe27b394f526df1f7bd81ba1acf4f2d.php 第 72 行.
NOTIC: [8] Use of undefined constant status - assumed 'status' E:\xamp\htdocs\hlweb\runtime\Cache\Admin\ebe27b394f526df1f7bd81ba1acf4f2d.php 第 73 行.
NOTIC: [8] Use of undefined constant id - assumed 'id' E:\xamp\htdocs\hlweb\runtime\Cache\Admin\ebe27b394f526df1f7bd81ba1acf4f2d.php 第 76 行.
NOTIC: [8] Use of undefined constant id - assumed 'id' E:\xamp\htdocs\hlweb\runtime\Cache\Admin\ebe27b394f526df1f7bd81ba1acf4f2d.php 第 77 行.
NOTIC: [8] Use of undefined constant status - assumed 'status' E:\xamp\htdocs\hlweb\runtime\Cache\Admin\ebe27b394f526df1f7bd81ba1acf4f2d.php 第 72 行.
NOTIC: [8] Use of undefined constant status - assumed 'status' E:\xamp\htdocs\hlweb\runtime\Cache\Admin\ebe27b394f526df1f7bd81ba1acf4f2d.php 第 72 行.
NOTIC: [8] Use of undefined constant status - assumed 'status' E:\xamp\htdocs\hlweb\runtime\Cache\Admin\ebe27b394f526df1f7bd81ba1acf4f2d.php 第 73 行.
NOTIC: [8] Use of undefined constant id - assumed 'id' E:\xamp\htdocs\hlweb\runtime\Cache\Admin\ebe27b394f526df1f7bd81ba1acf4f2d.php 第 76 行.
NOTIC: [8] Use of undefined constant id - assumed 'id' E:\xamp\htdocs\hlweb\runtime\Cache\Admin\ebe27b394f526df1f7bd81ba1acf4f2d.php 第 77 行.
INFO: Run Behavior\ParseTemplate [ RunTime:0.015681s ]
INFO: [ view_parse ] --END-- [ RunTime:0.015758s ]
INFO: [ view_filter ] --START--
INFO: Run Behavior\WriteHtmlCache [ RunTime:0.001178s ]
INFO: [ view_filter ] --END-- [ RunTime:0.001270s ]
INFO: [ app_end ] --START--
INFO: Run Behavior\ShowPageTrace [ RunTime:0.001929s ]
INFO: [ app_end ] --END-- [ RunTime:0.002112s ]

[ 2018-02-26T10:01:06+08:00 ] ::1 /hlweb/index.php/Admin/Adminer/delete/id/1.html
INFO: [ app_begin ] --START--
INFO: Run Behavior\ReadHtmlCache [ RunTime:0.003957s ]
INFO: [ app_begin ] --END-- [ RunTime:0.004094s ]
NOTIC: [8192] mysql_connect(): The mysql extension is deprecated and will be removed in the future: use mysqli or PDO instead E:\xamp\htdocs\hlweb\ThinkPHP\Library\Think\Db\Driver\Mysql.class.php 第 52 行.
SQL: SHOW COLUMNS FROM `wx_adminer` [ RunTime:0.057006s ]
SQL: DELETE FROM `wx_adminer` WHERE ( id=1 ) [ RunTime:0.042381s ]
INFO: [ view_parse ] --START--
INFO: [ template_filter ] --START--
INFO: Run Behavior\ContentReplace [ RunTime:0.000074s ]
INFO: [ template_filter ] --END-- [ RunTime:0.000157s ]
NOTIC: [8] Undefined variable: group_name E:\xamp\htdocs\hlweb\runtime\Cache\Admin\c871bba49b6ba63f385a8967a426d0b0.php 第 29 行.
NOTIC: [8] Undefined variable: module_name E:\xamp\htdocs\hlweb\runtime\Cache\Admin\c871bba49b6ba63f385a8967a426d0b0.php 第 30 行.
NOTIC: [8] Undefined variable: action_name E:\xamp\htdocs\hlweb\runtime\Cache\Admin\c871bba49b6ba63f385a8967a426d0b0.php 第 30 行.
NOTIC: [8] Undefined variable: group_name E:\xamp\htdocs\hlweb\runtime\Cache\Admin\c871bba49b6ba63f385a8967a426d0b0.php 第 30 行.
INFO: Run Behavior\ParseTemplate [ RunTime:0.011652s ]
INFO: [ view_parse ] --END-- [ RunTime:0.011734s ]
INFO: [ view_filter ] --START--
INFO: Run Behavior\WriteHtmlCache [ RunTime:0.000607s ]
INFO: [ view_filter ] --END-- [ RunTime:0.000658s ]
INFO: [ app_end ] --START--
INFO: Run Behavior\ShowPageTrace [ RunTime:0.000807s ]
INFO: [ app_end ] --END-- [ RunTime:0.000861s ]

[ 2018-02-26T10:01:07+08:00 ] ::1 /hlweb/index.php/Admin/Adminer/index.html
INFO: [ app_begin ] --START--
INFO: Run Behavior\ReadHtmlCache [ RunTime:0.001100s ]
INFO: [ app_begin ] --END-- [ RunTime:0.001204s ]
NOTIC: [8192] mysql_connect(): The mysql extension is deprecated and will be removed in the future: use mysqli or PDO instead E:\xamp\htdocs\hlweb\ThinkPHP\Library\Think\Db\Driver\Mysql.class.php 第 52 行.
SQL: SHOW COLUMNS FROM `wx_adminer` [ RunTime:0.030022s ]
NOTIC: [2] Invalid argument supplied for foreach() E:\xamp\htdocs\hlweb\ThinkPHP\Library\Think\Db.class.php 第 425 行.
SQL: SELECT COUNT(*) AS tp_count FROM `wx_adminer` LIMIT 1   [ RunTime:0.034311s ]
NOTIC: [2] Invalid argument supplied for foreach() E:\xamp\htdocs\hlweb\ThinkPHP\Library\Think\Db.class.php 第 425 行.
SQL: SELECT * FROM `wx_adminer` ORDER BY create_time DESC LIMIT 0,25   [ RunTime:0.001186s ]
INFO: [ view_parse ] --START--
INFO: [ template_filter ] --START--
INFO: Run Behavior\ContentReplace [ RunTime:0.000088s ]
INFO: [ template_filter ] --END-- [ RunTime:0.000167s ]
NOTIC: [8] Undefined variable: group_name E:\xamp\htdocs\hlweb\runtime\Cache\Admin\ebe27b394f526df1f7bd81ba1acf4f2d.php 第 29 行.
NOTIC: [8] Undefined variable: module_name E:\xamp\htdocs\hlweb\runtime\Cache\Admin\ebe27b394f526df1f7bd81ba1acf4f2d.php 第 30 行.
NOTIC: [8] Undefined variable: action_name E:\xamp\htdocs\hlweb\runtime\Cache\Admin\ebe27b394f526df1f7bd81ba1acf4f2d.php 第 30 行.
NOTIC: [8] Undefined variable: group_name E:\xamp\htdocs\hlweb\runtime\Cache\Admin\ebe27b394f526df1f7bd81ba1acf4f2d.php 第 30 行.
NOTIC: [8] Use of undefined constant status - assumed 'status' E:\xamp\htdocs\hlweb\runtime\Cache\Admin\ebe27b394f526df1f7bd81ba1acf4f2d.php 第 72 行.
NOTIC: [8] Use of undefined constant status - assumed 'status' E:\xamp\htdocs\hlweb\runtime\Cache\Admin\ebe27b394f526df1f7bd81ba1acf4f2d.php 第 72 行.
NOTIC: [8] Use of undefined constant status - assumed 'status' E:\xamp\htdocs\hlweb\runtime\Cache\Admin\ebe27b394f526df1f7bd81ba1acf4f2d.php 第 73 行.
NOTIC: [8] Use of undefined constant id - assumed 'id' E:\xamp\htdocs\hlweb\runtime\Cache\Admin\ebe27b394f526df1f7bd81ba1acf4f2d.php 第 76 行.
NOTIC: [8] Use of undefined constant id - assumed 'id' E:\xamp\htdocs\hlweb\runtime\Cache\Admin\ebe27b394f526df1f7bd81ba1acf4f2d.php 第 77 行.
INFO: Run Behavior\ParseTemplate [ RunTime:0.022777s ]
INFO: [ view_parse ] --END-- [ RunTime:0.022853s ]
INFO: [ view_filter ] --START--
INFO: Run Behavior\WriteHtmlCache [ RunTime:0.002014s ]
INFO: [ view_filter ] --END-- [ RunTime:0.002113s ]
INFO: [ app_end ] --START--
INFO: Run Behavior\ShowPageTrace [ RunTime:0.001512s ]
INFO: [ app_end ] --END-- [ RunTime:0.001624s ]

[ 2018-02-26T10:01:10+08:00 ] ::1 /hlweb/index.php/Admin
INFO: [ app_begin ] --START--
INFO: Run Behavior\ReadHtmlCache [ RunTime:0.001183s ]
INFO: [ app_begin ] --END-- [ RunTime:0.001293s ]
INFO: [ view_parse ] --START--
INFO: [ template_filter ] --START--
INFO: Run Behavior\ContentReplace [ RunTime:0.000627s ]
INFO: [ template_filter ] --END-- [ RunTime:0.000876s ]
INFO: Run Behavior\ParseTemplate [ RunTime:0.087237s ]
INFO: [ view_parse ] --END-- [ RunTime:0.087376s ]
INFO: [ view_filter ] --START--
INFO: Run Behavior\WriteHtmlCache [ RunTime:0.001223s ]
INFO: [ view_filter ] --END-- [ RunTime:0.001309s ]
INFO: [ app_end ] --START--
INFO: Run Behavior\ShowPageTrace [ RunTime:0.001627s ]
INFO: [ app_end ] --END-- [ RunTime:0.001730s ]

[ 2018-02-26T10:01:11+08:00 ] ::1 /hlweb/index.php/Admin/Index/shouye.html
INFO: [ app_begin ] --START--
INFO: Run Behavior\ReadHtmlCache [ RunTime:0.001152s ]
INFO: [ app_begin ] --END-- [ RunTime:0.001266s ]
NOTIC: [8192] mysql_connect(): The mysql extension is deprecated and will be removed in the future: use mysqli or PDO instead E:\xamp\htdocs\hlweb\ThinkPHP\Library\Think\Db\Driver\Mysql.class.php 第 52 行.
SQL: SHOW COLUMNS FROM `wx_order_goods` [ RunTime:0.025140s ]
SQL: SELECT SUM(order_money) AS tp_sum FROM `wx_order_goods` WHERE ( `pay_status` = 2 ) LIMIT 1   [ RunTime:0.005880s ]
SQL: SHOW COLUMNS FROM `wx_orders` [ RunTime:0.018112s ]
NOTIC: [2] Invalid argument supplied for foreach() E:\xamp\htdocs\hlweb\ThinkPHP\Library\Think\Db.class.php 第 425 行.
SQL: SELECT COUNT(*) AS tp_count FROM `wx_orders` LIMIT 1   [ RunTime:0.002077s ]
INFO: [ view_parse ] --START--
INFO: [ template_filter ] --START--
INFO: Run Behavior\ContentReplace [ RunTime:0.000196s ]
INFO: [ template_filter ] --END-- [ RunTime:0.000273s ]
NOTIC: [8] Undefined variable: group_name E:\xamp\htdocs\hlweb\runtime\Cache\Admin\128ab25a5bcea3f3f4aba13f4e94dcd4.php 第 29 行.
NOTIC: [8] Undefined variable: module_name E:\xamp\htdocs\hlweb\runtime\Cache\Admin\128ab25a5bcea3f3f4aba13f4e94dcd4.php 第 30 行.
NOTIC: [8] Undefined variable: action_name E:\xamp\htdocs\hlweb\runtime\Cache\Admin\128ab25a5bcea3f3f4aba13f4e94dcd4.php 第 30 行.
NOTIC: [8] Undefined variable: group_name E:\xamp\htdocs\hlweb\runtime\Cache\Admin\128ab25a5bcea3f3f4aba13f4e94dcd4.php 第 30 行.
INFO: Run Behavior\ParseTemplate [ RunTime:0.098549s ]
INFO: [ view_parse ] --END-- [ RunTime:0.098629s ]
INFO: [ view_filter ] --START--
INFO: Run Behavior\WriteHtmlCache [ RunTime:0.001407s ]
INFO: [ view_filter ] --END-- [ RunTime:0.001544s ]
INFO: [ app_end ] --START--
INFO: Run Behavior\ShowPageTrace [ RunTime:0.001462s ]
INFO: [ app_end ] --END-- [ RunTime:0.001621s ]

[ 2018-02-26T10:01:30+08:00 ] ::1 /hlweb/index.php/Admin
INFO: [ app_begin ] --START--
INFO: Run Behavior\ReadHtmlCache [ RunTime:0.002453s ]
INFO: [ app_begin ] --END-- [ RunTime:0.002612s ]
INFO: [ view_parse ] --START--
INFO: [ template_filter ] --START--
INFO: Run Behavior\ContentReplace [ RunTime:0.000335s ]
INFO: [ template_filter ] --END-- [ RunTime:0.000417s ]
INFO: Run Behavior\ParseTemplate [ RunTime:0.071212s ]
INFO: [ view_parse ] --END-- [ RunTime:0.071370s ]
INFO: [ view_filter ] --START--
INFO: Run Behavior\WriteHtmlCache [ RunTime:0.001800s ]
INFO: [ view_filter ] --END-- [ RunTime:0.001954s ]
INFO: [ app_end ] --START--
INFO: Run Behavior\ShowPageTrace [ RunTime:0.009958s ]
INFO: [ app_end ] --END-- [ RunTime:0.010067s ]

[ 2018-02-26T10:01:30+08:00 ] ::1 /hlweb/index.php/Admin/Index/shouye.html
INFO: [ app_begin ] --START--
INFO: Run Behavior\ReadHtmlCache [ RunTime:0.001361s ]
INFO: [ app_begin ] --END-- [ RunTime:0.001479s ]
NOTIC: [8192] mysql_connect(): The mysql extension is deprecated and will be removed in the future: use mysqli or PDO instead E:\xamp\htdocs\hlweb\ThinkPHP\Library\Think\Db\Driver\Mysql.class.php 第 52 行.
SQL: SHOW COLUMNS FROM `wx_order_goods` [ RunTime:0.022682s ]
SQL: SELECT SUM(order_money) AS tp_sum FROM `wx_order_goods` WHERE ( `pay_status` = 2 ) LIMIT 1   [ RunTime:0.000479s ]
SQL: SHOW COLUMNS FROM `wx_orders` [ RunTime:0.034843s ]
NOTIC: [2] Invalid argument supplied for foreach() E:\xamp\htdocs\hlweb\ThinkPHP\Library\Think\Db.class.php 第 425 行.
SQL: SELECT COUNT(*) AS tp_count FROM `wx_orders` LIMIT 1   [ RunTime:0.000354s ]
INFO: [ view_parse ] --START--
INFO: [ template_filter ] --START--
INFO: Run Behavior\ContentReplace [ RunTime:0.000318s ]
INFO: [ template_filter ] --END-- [ RunTime:0.000539s ]
NOTIC: [8] Undefined variable: group_name E:\xamp\htdocs\hlweb\runtime\Cache\Admin\128ab25a5bcea3f3f4aba13f4e94dcd4.php 第 29 行.
NOTIC: [8] Undefined variable: module_name E:\xamp\htdocs\hlweb\runtime\Cache\Admin\128ab25a5bcea3f3f4aba13f4e94dcd4.php 第 30 行.
NOTIC: [8] Undefined variable: action_name E:\xamp\htdocs\hlweb\runtime\Cache\Admin\128ab25a5bcea3f3f4aba13f4e94dcd4.php 第 30 行.
NOTIC: [8] Undefined variable: group_name E:\xamp\htdocs\hlweb\runtime\Cache\Admin\128ab25a5bcea3f3f4aba13f4e94dcd4.php 第 30 行.
INFO: Run Behavior\ParseTemplate [ RunTime:0.072113s ]
INFO: [ view_parse ] --END-- [ RunTime:0.072200s ]
INFO: [ view_filter ] --START--
INFO: Run Behavior\WriteHtmlCache [ RunTime:0.000906s ]
INFO: [ view_filter ] --END-- [ RunTime:0.000986s ]
INFO: [ app_end ] --START--
INFO: Run Behavior\ShowPageTrace [ RunTime:0.001803s ]
INFO: [ app_end ] --END-- [ RunTime:0.001943s ]

[ 2018-02-26T10:01:40+08:00 ] ::1 /hlweb/index.php/Admin
INFO: [ app_begin ] --START--
INFO: Run Behavior\ReadHtmlCache [ RunTime:0.001405s ]
INFO: [ app_begin ] --END-- [ RunTime:0.001605s ]
INFO: [ view_parse ] --START--
INFO: [ template_filter ] --START--
INFO: Run Behavior\ContentReplace [ RunTime:0.000469s ]
INFO: [ template_filter ] --END-- [ RunTime:0.001589s ]
INFO: Run Behavior\ParseTemplate [ RunTime:0.050978s ]
INFO: [ view_parse ] --END-- [ RunTime:0.051062s ]
INFO: [ view_filter ] --START--
INFO: Run Behavior\WriteHtmlCache [ RunTime:0.001483s ]
INFO: [ view_filter ] --END-- [ RunTime:0.001639s ]
INFO: [ app_end ] --START--
INFO: Run Behavior\ShowPageTrace [ RunTime:0.002064s ]
INFO: [ app_end ] --END-- [ RunTime:0.002202s ]

[ 2018-02-26T10:01:41+08:00 ] ::1 /hlweb/index.php/Admin/Index/shouye.html
INFO: [ app_begin ] --START--
INFO: Run Behavior\ReadHtmlCache [ RunTime:0.001198s ]
INFO: [ app_begin ] --END-- [ RunTime:0.001350s ]
NOTIC: [8192] mysql_connect(): The mysql extension is deprecated and will be removed in the future: use mysqli or PDO instead E:\xamp\htdocs\hlweb\ThinkPHP\Library\Think\Db\Driver\Mysql.class.php 第 52 行.
SQL: SHOW COLUMNS FROM `wx_order_goods` [ RunTime:0.055873s ]
SQL: SELECT SUM(order_money) AS tp_sum FROM `wx_order_goods` WHERE ( `pay_status` = 2 ) LIMIT 1   [ RunTime:0.000529s ]
SQL: SHOW COLUMNS FROM `wx_orders` [ RunTime:0.017383s ]
NOTIC: [2] Invalid argument supplied for foreach() E:\xamp\htdocs\hlweb\ThinkPHP\Library\Think\Db.class.php 第 425 行.
SQL: SELECT COUNT(*) AS tp_count FROM `wx_orders` LIMIT 1   [ RunTime:0.000393s ]
INFO: [ view_parse ] --START--
INFO: [ template_filter ] --START--
INFO: Run Behavior\ContentReplace [ RunTime:0.000228s ]
INFO: [ template_filter ] --END-- [ RunTime:0.000331s ]
NOTIC: [8] Undefined variable: group_name E:\xamp\htdocs\hlweb\runtime\Cache\Admin\128ab25a5bcea3f3f4aba13f4e94dcd4.php 第 29 行.
NOTIC: [8] Undefined variable: module_name E:\xamp\htdocs\hlweb\runtime\Cache\Admin\128ab25a5bcea3f3f4aba13f4e94dcd4.php 第 30 行.
NOTIC: [8] Undefined variable: action_name E:\xamp\htdocs\hlweb\runtime\Cache\Admin\128ab25a5bcea3f3f4aba13f4e94dcd4.php 第 30 行.
NOTIC: [8] Undefined variable: group_name E:\xamp\htdocs\hlweb\runtime\Cache\Admin\128ab25a5bcea3f3f4aba13f4e94dcd4.php 第 30 行.
INFO: Run Behavior\ParseTemplate [ RunTime:0.061288s ]
INFO: [ view_parse ] --END-- [ RunTime:0.061371s ]
INFO: [ view_filter ] --START--
INFO: Run Behavior\WriteHtmlCache [ RunTime:0.000918s ]
INFO: [ view_filter ] --END-- [ RunTime:0.001000s ]
INFO: [ app_end ] --START--
INFO: Run Behavior\ShowPageTrace [ RunTime:0.002752s ]
INFO: [ app_end ] --END-- [ RunTime:0.002880s ]

[ 2018-02-26T10:02:11+08:00 ] ::1 /hlweb/index.php/Admin/Public/login.html
INFO: [ app_begin ] --START--
INFO: Run Behavior\ReadHtmlCache [ RunTime:0.001925s ]
INFO: [ app_begin ] --END-- [ RunTime:0.002042s ]
INFO: [ view_parse ] --START--
INFO: [ template_filter ] --START--
INFO: Run Behavior\ContentReplace [ RunTime:0.000052s ]
INFO: [ template_filter ] --END-- [ RunTime:0.000119s ]
INFO: Run Behavior\ParseTemplate [ RunTime:0.031900s ]
INFO: [ view_parse ] --END-- [ RunTime:0.031996s ]
INFO: [ view_filter ] --START--
INFO: Run Behavior\WriteHtmlCache [ RunTime:0.000601s ]
INFO: [ view_filter ] --END-- [ RunTime:0.000651s ]
INFO: [ app_end ] --START--
INFO: Run Behavior\ShowPageTrace [ RunTime:0.000802s ]
INFO: [ app_end ] --END-- [ RunTime:0.000859s ]

[ 2018-02-26T10:02:21+08:00 ] ::1 /hlweb/index.php/Admin/Public/checklogin.html
INFO: [ app_begin ] --START--
INFO: Run Behavior\ReadHtmlCache [ RunTime:0.001674s ]
INFO: [ app_begin ] --END-- [ RunTime:0.001904s ]
NOTIC: [8192] mysql_connect(): The mysql extension is deprecated and will be removed in the future: use mysqli or PDO instead E:\xamp\htdocs\hlweb\ThinkPHP\Library\Think\Db\Driver\Mysql.class.php 第 52 行.
SQL: SHOW COLUMNS FROM `wx_base` [ RunTime:0.058121s ]
ERR: 1146:Table 'cxjp.wx_base' doesn't exist
 [ SQL语句 ] : SHOW COLUMNS FROM `wx_base`
SQL: SHOW COLUMNS FROM `wx_adminer` [ RunTime:0.059651s ]
SQL: SELECT * FROM `wx_adminer` WHERE ( `name` = 'root' ) LIMIT 1   [ RunTime:0.032316s ]

[ 2018-02-26T10:02:22+08:00 ] ::1 /hlweb/index.php/Admin/Index/index.html
INFO: [ app_begin ] --START--
INFO: Run Behavior\ReadHtmlCache [ RunTime:0.001831s ]
INFO: [ app_begin ] --END-- [ RunTime:0.002032s ]
INFO: [ view_parse ] --START--
INFO: [ template_filter ] --START--
INFO: Run Behavior\ContentReplace [ RunTime:0.000415s ]
INFO: [ template_filter ] --END-- [ RunTime:0.000565s ]
INFO: Run Behavior\ParseTemplate [ RunTime:0.479391s ]
INFO: [ view_parse ] --END-- [ RunTime:0.479764s ]
INFO: [ view_filter ] --START--
INFO: Run Behavior\WriteHtmlCache [ RunTime:0.004974s ]
INFO: [ view_filter ] --END-- [ RunTime:0.005108s ]
INFO: [ app_end ] --START--
INFO: Run Behavior\ShowPageTrace [ RunTime:0.001143s ]
INFO: [ app_end ] --END-- [ RunTime:0.001244s ]

[ 2018-02-26T10:02:23+08:00 ] ::1 /hlweb/index.php/Admin/Index/shouye.html
INFO: [ app_begin ] --START--
INFO: Run Behavior\ReadHtmlCache [ RunTime:0.001260s ]
INFO: [ app_begin ] --END-- [ RunTime:0.001381s ]
NOTIC: [8192] mysql_connect(): The mysql extension is deprecated and will be removed in the future: use mysqli or PDO instead E:\xamp\htdocs\hlweb\ThinkPHP\Library\Think\Db\Driver\Mysql.class.php 第 52 行.
SQL: SHOW COLUMNS FROM `wx_order_goods` [ RunTime:0.027674s ]
SQL: SELECT SUM(order_money) AS tp_sum FROM `wx_order_goods` WHERE ( `pay_status` = 2 ) LIMIT 1   [ RunTime:0.000683s ]
SQL: SHOW COLUMNS FROM `wx_orders` [ RunTime:0.014009s ]
NOTIC: [2] Invalid argument supplied for foreach() E:\xamp\htdocs\hlweb\ThinkPHP\Library\Think\Db.class.php 第 425 行.
SQL: SELECT COUNT(*) AS tp_count FROM `wx_orders` LIMIT 1   [ RunTime:0.002386s ]
INFO: [ view_parse ] --START--
INFO: [ template_filter ] --START--
INFO: Run Behavior\ContentReplace [ RunTime:0.000207s ]
INFO: [ template_filter ] --END-- [ RunTime:0.000287s ]
NOTIC: [8] Undefined variable: group_name E:\xamp\htdocs\hlweb\runtime\Cache\Admin\128ab25a5bcea3f3f4aba13f4e94dcd4.php 第 29 行.
NOTIC: [8] Undefined variable: module_name E:\xamp\htdocs\hlweb\runtime\Cache\Admin\128ab25a5bcea3f3f4aba13f4e94dcd4.php 第 30 行.
NOTIC: [8] Undefined variable: action_name E:\xamp\htdocs\hlweb\runtime\Cache\Admin\128ab25a5bcea3f3f4aba13f4e94dcd4.php 第 30 行.
NOTIC: [8] Undefined variable: group_name E:\xamp\htdocs\hlweb\runtime\Cache\Admin\128ab25a5bcea3f3f4aba13f4e94dcd4.php 第 30 行.
INFO: Run Behavior\ParseTemplate [ RunTime:0.045940s ]
INFO: [ view_parse ] --END-- [ RunTime:0.046031s ]
INFO: [ view_filter ] --START--
INFO: Run Behavior\WriteHtmlCache [ RunTime:0.000889s ]
INFO: [ view_filter ] --END-- [ RunTime:0.000966s ]
INFO: [ app_end ] --START--
INFO: Run Behavior\ShowPageTrace [ RunTime:0.001524s ]
INFO: [ app_end ] --END-- [ RunTime:0.001627s ]

[ 2018-02-26T10:05:36+08:00 ] ::1 /hlweb/index.php/Admin/Index/index.html
INFO: [ app_begin ] --START--
INFO: Run Behavior\ReadHtmlCache [ RunTime:0.000995s ]
INFO: [ app_begin ] --END-- [ RunTime:0.001340s ]
INFO: [ view_parse ] --START--
INFO: [ template_filter ] --START--
INFO: Run Behavior\ContentReplace [ RunTime:0.000348s ]
INFO: [ template_filter ] --END-- [ RunTime:0.000466s ]
INFO: Run Behavior\ParseTemplate [ RunTime:0.054302s ]
INFO: [ view_parse ] --END-- [ RunTime:0.054468s ]
INFO: [ view_filter ] --START--
INFO: Run Behavior\WriteHtmlCache [ RunTime:0.001351s ]
INFO: [ view_filter ] --END-- [ RunTime:0.001430s ]
INFO: [ app_end ] --START--
INFO: Run Behavior\ShowPageTrace [ RunTime:0.011814s ]
INFO: [ app_end ] --END-- [ RunTime:0.011942s ]

[ 2018-02-26T10:05:37+08:00 ] ::1 /hlweb/index.php/Admin/Index/shouye.html
INFO: [ app_begin ] --START--
INFO: Run Behavior\ReadHtmlCache [ RunTime:0.001111s ]
INFO: [ app_begin ] --END-- [ RunTime:0.001219s ]
NOTIC: [8192] mysql_connect(): The mysql extension is deprecated and will be removed in the future: use mysqli or PDO instead E:\xamp\htdocs\hlweb\ThinkPHP\Library\Think\Db\Driver\Mysql.class.php 第 52 行.
SQL: SHOW COLUMNS FROM `wx_order_goods` [ RunTime:0.020205s ]
SQL: SELECT SUM(order_money) AS tp_sum FROM `wx_order_goods` WHERE ( `pay_status` = 2 ) LIMIT 1   [ RunTime:0.000507s ]
SQL: SHOW COLUMNS FROM `wx_orders` [ RunTime:0.014608s ]
NOTIC: [2] Invalid argument supplied for foreach() E:\xamp\htdocs\hlweb\ThinkPHP\Library\Think\Db.class.php 第 425 行.
SQL: SELECT COUNT(*) AS tp_count FROM `wx_orders` LIMIT 1   [ RunTime:0.000449s ]
INFO: [ view_parse ] --START--
INFO: [ template_filter ] --START--
INFO: Run Behavior\ContentReplace [ RunTime:0.000211s ]
INFO: [ template_filter ] --END-- [ RunTime:0.000302s ]
NOTIC: [8] Undefined variable: group_name E:\xamp\htdocs\hlweb\runtime\Cache\Admin\128ab25a5bcea3f3f4aba13f4e94dcd4.php 第 29 行.
NOTIC: [8] Undefined variable: module_name E:\xamp\htdocs\hlweb\runtime\Cache\Admin\128ab25a5bcea3f3f4aba13f4e94dcd4.php 第 30 行.
NOTIC: [8] Undefined variable: action_name E:\xamp\htdocs\hlweb\runtime\Cache\Admin\128ab25a5bcea3f3f4aba13f4e94dcd4.php 第 30 行.
NOTIC: [8] Undefined variable: group_name E:\xamp\htdocs\hlweb\runtime\Cache\Admin\128ab25a5bcea3f3f4aba13f4e94dcd4.php 第 30 行.
INFO: Run Behavior\ParseTemplate [ RunTime:0.053355s ]
INFO: [ view_parse ] --END-- [ RunTime:0.053437s ]
INFO: [ view_filter ] --START--
INFO: Run Behavior\WriteHtmlCache [ RunTime:0.000881s ]
INFO: [ view_filter ] --END-- [ RunTime:0.000958s ]
INFO: [ app_end ] --START--
INFO: Run Behavior\ShowPageTrace [ RunTime:0.001577s ]
INFO: [ app_end ] --END-- [ RunTime:0.001712s ]

[ 2018-02-26T10:23:47+08:00 ] ::1 /hlweb/index.php/Admin/Index/index.html
INFO: [ app_begin ] --START--
INFO: Run Behavior\ReadHtmlCache [ RunTime:0.001288s ]
INFO: [ app_begin ] --END-- [ RunTime:0.001455s ]
INFO: [ view_parse ] --START--
INFO: [ template_filter ] --START--
INFO: Run Behavior\ContentReplace [ RunTime:0.000291s ]
INFO: [ template_filter ] --END-- [ RunTime:0.000381s ]
INFO: Run Behavior\ParseTemplate [ RunTime:0.181517s ]
INFO: [ view_parse ] --END-- [ RunTime:0.181661s ]
INFO: [ view_filter ] --START--
INFO: Run Behavior\WriteHtmlCache [ RunTime:0.002220s ]
INFO: [ view_filter ] --END-- [ RunTime:0.002306s ]
INFO: [ app_end ] --START--
INFO: Run Behavior\ShowPageTrace [ RunTime:0.014112s ]
INFO: [ app_end ] --END-- [ RunTime:0.014220s ]

[ 2018-02-26T10:23:48+08:00 ] ::1 /hlweb/index.php/Admin/Index/shouye.html
INFO: [ app_begin ] --START--
INFO: Run Behavior\ReadHtmlCache [ RunTime:0.001201s ]
INFO: [ app_begin ] --END-- [ RunTime:0.001321s ]
NOTIC: [8192] mysql_connect(): The mysql extension is deprecated and will be removed in the future: use mysqli or PDO instead E:\xamp\htdocs\hlweb\ThinkPHP\Library\Think\Db\Driver\Mysql.class.php 第 52 行.
SQL: SHOW COLUMNS FROM `wx_order_goods` [ RunTime:0.027251s ]
SQL: SELECT SUM(order_money) AS tp_sum FROM `wx_order_goods` WHERE ( `pay_status` = 2 ) LIMIT 1   [ RunTime:0.000586s ]
SQL: SHOW COLUMNS FROM `wx_orders` [ RunTime:0.015296s ]
NOTIC: [2] Invalid argument supplied for foreach() E:\xamp\htdocs\hlweb\ThinkPHP\Library\Think\Db.class.php 第 425 行.
SQL: SELECT COUNT(*) AS tp_count FROM `wx_orders` LIMIT 1   [ RunTime:0.000427s ]
INFO: [ view_parse ] --START--
INFO: [ template_filter ] --START--
INFO: Run Behavior\ContentReplace [ RunTime:0.000231s ]
INFO: [ template_filter ] --END-- [ RunTime:0.000395s ]
NOTIC: [8] Undefined variable: group_name E:\xamp\htdocs\hlweb\runtime\Cache\Admin\128ab25a5bcea3f3f4aba13f4e94dcd4.php 第 29 行.
NOTIC: [8] Undefined variable: module_name E:\xamp\htdocs\hlweb\runtime\Cache\Admin\128ab25a5bcea3f3f4aba13f4e94dcd4.php 第 30 行.
NOTIC: [8] Undefined variable: action_name E:\xamp\htdocs\hlweb\runtime\Cache\Admin\128ab25a5bcea3f3f4aba13f4e94dcd4.php 第 30 行.
NOTIC: [8] Undefined variable: group_name E:\xamp\htdocs\hlweb\runtime\Cache\Admin\128ab25a5bcea3f3f4aba13f4e94dcd4.php 第 30 行.
INFO: Run Behavior\ParseTemplate [ RunTime:0.074381s ]
INFO: [ view_parse ] --END-- [ RunTime:0.074454s ]
INFO: [ view_filter ] --START--
INFO: Run Behavior\WriteHtmlCache [ RunTime:0.000902s ]
INFO: [ view_filter ] --END-- [ RunTime:0.000975s ]
INFO: [ app_end ] --START--
INFO: Run Behavior\ShowPageTrace [ RunTime:0.001570s ]
INFO: [ app_end ] --END-- [ RunTime:0.001684s ]

[ 2018-02-26T10:27:02+08:00 ] ::1 /hlweb/index.php/Admin/Index/index.html
INFO: [ app_begin ] --START--
INFO: Run Behavior\ReadHtmlCache [ RunTime:0.001133s ]
INFO: [ app_begin ] --END-- [ RunTime:0.001238s ]
INFO: [ view_parse ] --START--
INFO: [ template_filter ] --START--
INFO: Run Behavior\ContentReplace [ RunTime:0.000344s ]
INFO: [ template_filter ] --END-- [ RunTime:0.000433s ]
INFO: Run Behavior\ParseTemplate [ RunTime:0.073889s ]
INFO: [ view_parse ] --END-- [ RunTime:0.073978s ]
INFO: [ view_filter ] --START--
INFO: Run Behavior\WriteHtmlCache [ RunTime:0.001031s ]
INFO: [ view_filter ] --END-- [ RunTime:0.001113s ]
INFO: [ app_end ] --START--
INFO: Run Behavior\ShowPageTrace [ RunTime:0.001062s ]
INFO: [ app_end ] --END-- [ RunTime:0.001154s ]

[ 2018-02-26T10:27:03+08:00 ] ::1 /hlweb/index.php/Admin/Index/shouye.html
INFO: [ app_begin ] --START--
INFO: Run Behavior\ReadHtmlCache [ RunTime:0.001054s ]
INFO: [ app_begin ] --END-- [ RunTime:0.001149s ]
NOTIC: [8192] mysql_connect(): The mysql extension is deprecated and will be removed in the future: use mysqli or PDO instead E:\xamp\htdocs\hlweb\ThinkPHP\Library\Think\Db\Driver\Mysql.class.php 第 52 行.
SQL: SHOW COLUMNS FROM `wx_order_goods` [ RunTime:0.112567s ]
SQL: SELECT SUM(order_money) AS tp_sum FROM `wx_order_goods` WHERE ( `pay_status` = 2 ) LIMIT 1   [ RunTime:0.011605s ]
SQL: SHOW COLUMNS FROM `wx_orders` [ RunTime:0.144430s ]
NOTIC: [2] Invalid argument supplied for foreach() E:\xamp\htdocs\hlweb\ThinkPHP\Library\Think\Db.class.php 第 425 行.
SQL: SELECT COUNT(*) AS tp_count FROM `wx_orders` LIMIT 1   [ RunTime:0.000584s ]
INFO: [ view_parse ] --START--
INFO: [ template_filter ] --START--
INFO: Run Behavior\ContentReplace [ RunTime:0.000215s ]
INFO: [ template_filter ] --END-- [ RunTime:0.000308s ]
NOTIC: [8] Undefined variable: group_name E:\xamp\htdocs\hlweb\runtime\Cache\Admin\128ab25a5bcea3f3f4aba13f4e94dcd4.php 第 29 行.
NOTIC: [8] Undefined variable: module_name E:\xamp\htdocs\hlweb\runtime\Cache\Admin\128ab25a5bcea3f3f4aba13f4e94dcd4.php 第 30 行.
NOTIC: [8] Undefined variable: action_name E:\xamp\htdocs\hlweb\runtime\Cache\Admin\128ab25a5bcea3f3f4aba13f4e94dcd4.php 第 30 行.
NOTIC: [8] Undefined variable: group_name E:\xamp\htdocs\hlweb\runtime\Cache\Admin\128ab25a5bcea3f3f4aba13f4e94dcd4.php 第 30 行.
INFO: Run Behavior\ParseTemplate [ RunTime:0.053825s ]
INFO: [ view_parse ] --END-- [ RunTime:0.053938s ]
INFO: [ view_filter ] --START--
INFO: Run Behavior\WriteHtmlCache [ RunTime:0.001172s ]
INFO: [ view_filter ] --END-- [ RunTime:0.001268s ]
INFO: [ app_end ] --START--
INFO: Run Behavior\ShowPageTrace [ RunTime:0.002110s ]
INFO: [ app_end ] --END-- [ RunTime:0.002259s ]

[ 2018-02-26T10:28:16+08:00 ] ::1 /hlweb/index.php/Admin/Public/login.html
INFO: [ app_begin ] --START--
INFO: Run Behavior\ReadHtmlCache [ RunTime:0.000944s ]
INFO: [ app_begin ] --END-- [ RunTime:0.001042s ]
INFO: [ view_parse ] --START--
INFO: [ template_filter ] --START--
INFO: Run Behavior\ContentReplace [ RunTime:0.000056s ]
INFO: [ template_filter ] --END-- [ RunTime:0.000142s ]
INFO: Run Behavior\ParseTemplate [ RunTime:0.025199s ]
INFO: [ view_parse ] --END-- [ RunTime:0.025292s ]
INFO: [ view_filter ] --START--
INFO: Run Behavior\WriteHtmlCache [ RunTime:0.000806s ]
INFO: [ view_filter ] --END-- [ RunTime:0.000887s ]
INFO: [ app_end ] --START--
INFO: Run Behavior\ShowPageTrace [ RunTime:0.001287s ]
INFO: [ app_end ] --END-- [ RunTime:0.001367s ]

[ 2018-02-26T10:29:15+08:00 ] ::1 /hlweb/index.php/Admin/Public/login.html
INFO: [ app_begin ] --START--
INFO: Run Behavior\ReadHtmlCache [ RunTime:0.001864s ]
INFO: [ app_begin ] --END-- [ RunTime:0.002052s ]
INFO: [ view_parse ] --START--
INFO: [ template_filter ] --START--
INFO: Run Behavior\ContentReplace [ RunTime:0.022226s ]
INFO: [ template_filter ] --END-- [ RunTime:0.022385s ]
INFO: Run Behavior\ParseTemplate [ RunTime:0.051969s ]
INFO: [ view_parse ] --END-- [ RunTime:0.052105s ]
INFO: [ view_filter ] --START--
INFO: Run Behavior\WriteHtmlCache [ RunTime:0.001968s ]
INFO: [ view_filter ] --END-- [ RunTime:0.002062s ]
INFO: [ app_end ] --START--
INFO: Run Behavior\ShowPageTrace [ RunTime:0.034803s ]
INFO: [ app_end ] --END-- [ RunTime:0.034921s ]

[ 2018-02-26T10:34:45+08:00 ] ::1 /hlweb/index.php/Admin/Public/checklogin.html
INFO: [ app_begin ] --START--
INFO: Run Behavior\ReadHtmlCache [ RunTime:0.009378s ]
INFO: [ app_begin ] --END-- [ RunTime:0.009589s ]
NOTIC: [8192] mysql_connect(): The mysql extension is deprecated and will be removed in the future: use mysqli or PDO instead E:\xamp\htdocs\hlweb\ThinkPHP\Library\Think\Db\Driver\Mysql.class.php 第 52 行.
SQL: SHOW COLUMNS FROM `wx_base` [ RunTime:0.102441s ]
ERR: 1146:Table 'cxjp.wx_base' doesn't exist
 [ SQL语句 ] : SHOW COLUMNS FROM `wx_base`
SQL: SHOW COLUMNS FROM `wx_adminer` [ RunTime:0.397382s ]
SQL: SELECT * FROM `wx_adminer` WHERE ( `name` = 'admin' ) LIMIT 1   [ RunTime:0.179549s ]

[ 2018-02-26T10:35:00+08:00 ] ::1 /hlweb/index.php/Admin/Public/checklogin.html
INFO: [ app_begin ] --START--
INFO: Run Behavior\ReadHtmlCache [ RunTime:0.003519s ]
INFO: [ app_begin ] --END-- [ RunTime:0.003873s ]
NOTIC: [8192] mysql_connect(): The mysql extension is deprecated and will be removed in the future: use mysqli or PDO instead E:\xamp\htdocs\hlweb\ThinkPHP\Library\Think\Db\Driver\Mysql.class.php 第 52 行.
SQL: SHOW COLUMNS FROM `wx_base` [ RunTime:0.062804s ]
ERR: 1146:Table 'cxjp.wx_base' doesn't exist
 [ SQL语句 ] : SHOW COLUMNS FROM `wx_base`
SQL: SHOW COLUMNS FROM `wx_adminer` [ RunTime:0.438165s ]
SQL: SELECT * FROM `wx_adminer` WHERE ( `name` = 'wanglas' ) LIMIT 1   [ RunTime:0.009304s ]

[ 2018-02-26T10:35:13+08:00 ] ::1 /hlweb/index.php/Admin/Public/checklogin.html
INFO: [ app_begin ] --START--
INFO: Run Behavior\ReadHtmlCache [ RunTime:0.001122s ]
INFO: [ app_begin ] --END-- [ RunTime:0.001246s ]
NOTIC: [8192] mysql_connect(): The mysql extension is deprecated and will be removed in the future: use mysqli or PDO instead E:\xamp\htdocs\hlweb\ThinkPHP\Library\Think\Db\Driver\Mysql.class.php 第 52 行.
SQL: SHOW COLUMNS FROM `wx_base` [ RunTime:0.370525s ]
ERR: 1146:Table 'cxjp.wx_base' doesn't exist
 [ SQL语句 ] : SHOW COLUMNS FROM `wx_base`
SQL: SHOW COLUMNS FROM `wx_adminer` [ RunTime:0.385847s ]
SQL: SELECT * FROM `wx_adminer` WHERE ( `name` = 'root' ) LIMIT 1   [ RunTime:0.272363s ]

[ 2018-02-26T10:35:27+08:00 ] ::1 /hlweb/index.php/Admin/Public/checklogin.html
INFO: [ app_begin ] --START--
INFO: Run Behavior\ReadHtmlCache [ RunTime:0.002020s ]
INFO: [ app_begin ] --END-- [ RunTime:0.002253s ]
NOTIC: [8192] mysql_connect(): The mysql extension is deprecated and will be removed in the future: use mysqli or PDO instead E:\xamp\htdocs\hlweb\ThinkPHP\Library\Think\Db\Driver\Mysql.class.php 第 52 行.
SQL: SHOW COLUMNS FROM `wx_base` [ RunTime:0.077766s ]
ERR: 1146:Table 'cxjp.wx_base' doesn't exist
 [ SQL语句 ] : SHOW COLUMNS FROM `wx_base`
SQL: SHOW COLUMNS FROM `wx_adminer` [ RunTime:0.428527s ]
SQL: SELECT * FROM `wx_adminer` WHERE ( `name` = 'root' ) LIMIT 1   [ RunTime:0.090954s ]

[ 2018-02-26T10:35:47+08:00 ] ::1 /hlweb/index.php/Admin/Public/checklogin.html
INFO: [ app_begin ] --START--
INFO: Run Behavior\ReadHtmlCache [ RunTime:0.001547s ]
INFO: [ app_begin ] --END-- [ RunTime:0.001706s ]
NOTIC: [8192] mysql_connect(): The mysql extension is deprecated and will be removed in the future: use mysqli or PDO instead E:\xamp\htdocs\hlweb\ThinkPHP\Library\Think\Db\Driver\Mysql.class.php 第 52 行.
SQL: SHOW COLUMNS FROM `wx_base` [ RunTime:0.049318s ]
ERR: 1146:Table 'cxjp.wx_base' doesn't exist
 [ SQL语句 ] : SHOW COLUMNS FROM `wx_base`
SQL: SHOW COLUMNS FROM `wx_adminer` [ RunTime:0.054311s ]
SQL: SELECT * FROM `wx_adminer` WHERE ( `name` = 'root' ) LIMIT 1   [ RunTime:0.306455s ]

[ 2018-02-26T10:35:49+08:00 ] ::1 /hlweb/index.php/Admin/Index/index.html
INFO: [ app_begin ] --START--
INFO: Run Behavior\ReadHtmlCache [ RunTime:0.007585s ]
INFO: [ app_begin ] --END-- [ RunTime:0.007750s ]
INFO: [ view_parse ] --START--
INFO: [ template_filter ] --START--
INFO: Run Behavior\ContentReplace [ RunTime:0.000665s ]
INFO: [ template_filter ] --END-- [ RunTime:0.001326s ]
INFO: Run Behavior\ParseTemplate [ RunTime:0.814694s ]
INFO: [ view_parse ] --END-- [ RunTime:0.814809s ]
INFO: [ view_filter ] --START--
INFO: Run Behavior\WriteHtmlCache [ RunTime:0.001171s ]
INFO: [ view_filter ] --END-- [ RunTime:0.001262s ]
INFO: [ app_end ] --START--
INFO: Run Behavior\ShowPageTrace [ RunTime:0.001522s ]
INFO: [ app_end ] --END-- [ RunTime:0.001639s ]

[ 2018-02-26T10:35:51+08:00 ] ::1 /hlweb/index.php/Admin/Public/checklogin.html
INFO: [ app_begin ] --START--
INFO: Run Behavior\ReadHtmlCache [ RunTime:0.005245s ]
INFO: [ app_begin ] --END-- [ RunTime:0.005368s ]
NOTIC: [8192] mysql_connect(): The mysql extension is deprecated and will be removed in the future: use mysqli or PDO instead E:\xamp\htdocs\hlweb\ThinkPHP\Library\Think\Db\Driver\Mysql.class.php 第 52 行.
SQL: SHOW COLUMNS FROM `wx_base` [ RunTime:0.744620s ]
ERR: 1146:Table 'cxjp.wx_base' doesn't exist
 [ SQL语句 ] : SHOW COLUMNS FROM `wx_base`
SQL: SHOW COLUMNS FROM `wx_adminer` [ RunTime:0.213854s ]
SQL: SELECT * FROM `wx_adminer` WHERE ( `name` = 'root' ) LIMIT 1   [ RunTime:0.285575s ]

[ 2018-02-26T10:35:52+08:00 ] ::1 /hlweb/index.php/Admin/Index/index.html
INFO: [ app_begin ] --START--
INFO: Run Behavior\ReadHtmlCache [ RunTime:0.001906s ]
INFO: [ app_begin ] --END-- [ RunTime:0.002112s ]
INFO: [ view_parse ] --START--
INFO: [ template_filter ] --START--
INFO: Run Behavior\ContentReplace [ RunTime:0.003165s ]
INFO: [ template_filter ] --END-- [ RunTime:0.003279s ]
INFO: Run Behavior\ParseTemplate [ RunTime:0.279455s ]
INFO: [ view_parse ] --END-- [ RunTime:0.279574s ]
INFO: [ view_filter ] --START--
INFO: Run Behavior\WriteHtmlCache [ RunTime:0.001022s ]
INFO: [ view_filter ] --END-- [ RunTime:0.001100s ]
INFO: [ app_end ] --START--
INFO: Run Behavior\ShowPageTrace [ RunTime:0.003777s ]
INFO: [ app_end ] --END-- [ RunTime:0.004853s ]

[ 2018-02-26T10:35:53+08:00 ] ::1 /hlweb/index.php/Admin/Index/shouye.html
INFO: [ app_begin ] --START--
INFO: Run Behavior\ReadHtmlCache [ RunTime:0.001199s ]
INFO: [ app_begin ] --END-- [ RunTime:0.001312s ]
NOTIC: [8192] mysql_connect(): The mysql extension is deprecated and will be removed in the future: use mysqli or PDO instead E:\xamp\htdocs\hlweb\ThinkPHP\Library\Think\Db\Driver\Mysql.class.php 第 52 行.
SQL: SHOW COLUMNS FROM `wx_order_goods` [ RunTime:0.022849s ]
SQL: SELECT SUM(order_money) AS tp_sum FROM `wx_order_goods` WHERE ( `pay_status` = 2 ) LIMIT 1   [ RunTime:0.001253s ]
SQL: SHOW COLUMNS FROM `wx_orders` [ RunTime:0.021408s ]
NOTIC: [2] Invalid argument supplied for foreach() E:\xamp\htdocs\hlweb\ThinkPHP\Library\Think\Db.class.php 第 425 行.
SQL: SELECT COUNT(*) AS tp_count FROM `wx_orders` LIMIT 1   [ RunTime:0.000536s ]
INFO: [ view_parse ] --START--
INFO: [ template_filter ] --START--
INFO: Run Behavior\ContentReplace [ RunTime:0.000176s ]
INFO: [ template_filter ] --END-- [ RunTime:0.000247s ]
NOTIC: [8] Undefined variable: group_name E:\xamp\htdocs\hlweb\runtime\Cache\Admin\128ab25a5bcea3f3f4aba13f4e94dcd4.php 第 29 行.
NOTIC: [8] Undefined variable: module_name E:\xamp\htdocs\hlweb\runtime\Cache\Admin\128ab25a5bcea3f3f4aba13f4e94dcd4.php 第 30 行.
NOTIC: [8] Undefined variable: action_name E:\xamp\htdocs\hlweb\runtime\Cache\Admin\128ab25a5bcea3f3f4aba13f4e94dcd4.php 第 30 行.
NOTIC: [8] Undefined variable: group_name E:\xamp\htdocs\hlweb\runtime\Cache\Admin\128ab25a5bcea3f3f4aba13f4e94dcd4.php 第 30 行.
INFO: Run Behavior\ParseTemplate [ RunTime:0.040442s ]
INFO: [ view_parse ] --END-- [ RunTime:0.040520s ]
INFO: [ view_filter ] --START--
INFO: Run Behavior\WriteHtmlCache [ RunTime:0.000655s ]
INFO: [ view_filter ] --END-- [ RunTime:0.000710s ]
INFO: [ app_end ] --START--
INFO: Run Behavior\ShowPageTrace [ RunTime:0.001272s ]
INFO: [ app_end ] --END-- [ RunTime:0.001388s ]

[ 2018-02-26T11:12:28+08:00 ] ::1 /hlweb/index.php/Admin/Adv/index.html
INFO: [ app_begin ] --START--
INFO: Run Behavior\ReadHtmlCache [ RunTime:0.026944s ]
INFO: [ app_begin ] --END-- [ RunTime:0.027039s ]
NOTIC: [8192] mysql_connect(): The mysql extension is deprecated and will be removed in the future: use mysqli or PDO instead E:\xamp\htdocs\hlweb\ThinkPHP\Library\Think\Db\Driver\Mysql.class.php 第 52 行.
SQL: SHOW COLUMNS FROM `wx_adv` [ RunTime:0.040191s ]
NOTIC: [2] Invalid argument supplied for foreach() E:\xamp\htdocs\hlweb\ThinkPHP\Library\Think\Db.class.php 第 425 行.
SQL: SELECT COUNT(*) AS tp_count FROM `wx_adv` LIMIT 1   [ RunTime:0.011457s ]
NOTIC: [2] Invalid argument supplied for foreach() E:\xamp\htdocs\hlweb\ThinkPHP\Library\Think\Db.class.php 第 425 行.
SQL: SELECT * FROM `wx_adv` ORDER BY create_time DESC LIMIT 0,25   [ RunTime:0.000512s ]
INFO: [ view_parse ] --START--
INFO: [ template_filter ] --START--
INFO: Run Behavior\ContentReplace [ RunTime:0.000071s ]
INFO: [ template_filter ] --END-- [ RunTime:0.000129s ]
NOTIC: [8] Undefined variable: group_name E:\xamp\htdocs\hlweb\runtime\Cache\Admin\eecf382ac8a01f2a78856b93a7109daf.php 第 29 行.
NOTIC: [8] Undefined variable: module_name E:\xamp\htdocs\hlweb\runtime\Cache\Admin\eecf382ac8a01f2a78856b93a7109daf.php 第 30 行.
NOTIC: [8] Undefined variable: action_name E:\xamp\htdocs\hlweb\runtime\Cache\Admin\eecf382ac8a01f2a78856b93a7109daf.php 第 30 行.
NOTIC: [8] Undefined variable: group_name E:\xamp\htdocs\hlweb\runtime\Cache\Admin\eecf382ac8a01f2a78856b93a7109daf.php 第 30 行.
NOTIC: [8] Use of undefined constant status - assumed 'status' E:\xamp\htdocs\hlweb\runtime\Cache\Admin\eecf382ac8a01f2a78856b93a7109daf.php 第 74 行.
NOTIC: [8] Use of undefined constant status - assumed 'status' E:\xamp\htdocs\hlweb\runtime\Cache\Admin\eecf382ac8a01f2a78856b93a7109daf.php 第 74 行.
NOTIC: [8] Use of undefined constant status - assumed 'status' E:\xamp\htdocs\hlweb\runtime\Cache\Admin\eecf382ac8a01f2a78856b93a7109daf.php 第 75 行.
NOTIC: [8] Use of undefined constant id - assumed 'id' E:\xamp\htdocs\hlweb\runtime\Cache\Admin\eecf382ac8a01f2a78856b93a7109daf.php 第 78 行.
NOTIC: [8] Use of undefined constant id - assumed 'id' E:\xamp\htdocs\hlweb\runtime\Cache\Admin\eecf382ac8a01f2a78856b93a7109daf.php 第 79 行.
NOTIC: [8] Use of undefined constant status - assumed 'status' E:\xamp\htdocs\hlweb\runtime\Cache\Admin\eecf382ac8a01f2a78856b93a7109daf.php 第 74 行.
NOTIC: [8] Use of undefined constant status - assumed 'status' E:\xamp\htdocs\hlweb\runtime\Cache\Admin\eecf382ac8a01f2a78856b93a7109daf.php 第 74 行.
NOTIC: [8] Use of undefined constant status - assumed 'status' E:\xamp\htdocs\hlweb\runtime\Cache\Admin\eecf382ac8a01f2a78856b93a7109daf.php 第 75 行.
NOTIC: [8] Use of undefined constant id - assumed 'id' E:\xamp\htdocs\hlweb\runtime\Cache\Admin\eecf382ac8a01f2a78856b93a7109daf.php 第 78 行.
NOTIC: [8] Use of undefined constant id - assumed 'id' E:\xamp\htdocs\hlweb\runtime\Cache\Admin\eecf382ac8a01f2a78856b93a7109daf.php 第 79 行.
NOTIC: [8] Use of undefined constant status - assumed 'status' E:\xamp\htdocs\hlweb\runtime\Cache\Admin\eecf382ac8a01f2a78856b93a7109daf.php 第 74 行.
NOTIC: [8] Use of undefined constant status - assumed 'status' E:\xamp\htdocs\hlweb\runtime\Cache\Admin\eecf382ac8a01f2a78856b93a7109daf.php 第 74 行.
NOTIC: [8] Use of undefined constant status - assumed 'status' E:\xamp\htdocs\hlweb\runtime\Cache\Admin\eecf382ac8a01f2a78856b93a7109daf.php 第 75 行.
NOTIC: [8] Use of undefined constant id - assumed 'id' E:\xamp\htdocs\hlweb\runtime\Cache\Admin\eecf382ac8a01f2a78856b93a7109daf.php 第 78 行.
NOTIC: [8] Use of undefined constant id - assumed 'id' E:\xamp\htdocs\hlweb\runtime\Cache\Admin\eecf382ac8a01f2a78856b93a7109daf.php 第 79 行.
INFO: Run Behavior\ParseTemplate [ RunTime:0.186767s ]
INFO: [ view_parse ] --END-- [ RunTime:0.186898s ]
INFO: [ view_filter ] --START--
INFO: Run Behavior\WriteHtmlCache [ RunTime:0.024364s ]
INFO: [ view_filter ] --END-- [ RunTime:0.024451s ]
INFO: [ app_end ] --START--
INFO: Run Behavior\ShowPageTrace [ RunTime:0.021707s ]
INFO: [ app_end ] --END-- [ RunTime:0.021861s ]

[ 2018-02-26T11:22:45+08:00 ] ::1 /hlweb/index.php/Admin/Index/shouye.html
INFO: [ app_begin ] --START--
INFO: Run Behavior\ReadHtmlCache [ RunTime:0.001293s ]
INFO: [ app_begin ] --END-- [ RunTime:0.001403s ]
NOTIC: [8192] mysql_connect(): The mysql extension is deprecated and will be removed in the future: use mysqli or PDO instead E:\xamp\htdocs\hlweb\ThinkPHP\Library\Think\Db\Driver\Mysql.class.php 第 52 行.
SQL: SHOW COLUMNS FROM `wx_order_goods` [ RunTime:0.019003s ]
SQL: SELECT SUM(order_money) AS tp_sum FROM `wx_order_goods` WHERE ( `pay_status` = 2 ) LIMIT 1   [ RunTime:0.000454s ]
SQL: SHOW COLUMNS FROM `wx_orders` [ RunTime:0.018298s ]
NOTIC: [2] Invalid argument supplied for foreach() E:\xamp\htdocs\hlweb\ThinkPHP\Library\Think\Db.class.php 第 425 行.
SQL: SELECT COUNT(*) AS tp_count FROM `wx_orders` LIMIT 1   [ RunTime:0.000362s ]
INFO: [ view_parse ] --START--
INFO: [ template_filter ] --START--
INFO: Run Behavior\ContentReplace [ RunTime:0.000198s ]
INFO: [ template_filter ] --END-- [ RunTime:0.000270s ]
NOTIC: [8] Undefined variable: group_name E:\xamp\htdocs\hlweb\runtime\Cache\Admin\128ab25a5bcea3f3f4aba13f4e94dcd4.php 第 29 行.
NOTIC: [8] Undefined variable: module_name E:\xamp\htdocs\hlweb\runtime\Cache\Admin\128ab25a5bcea3f3f4aba13f4e94dcd4.php 第 30 行.
NOTIC: [8] Undefined variable: action_name E:\xamp\htdocs\hlweb\runtime\Cache\Admin\128ab25a5bcea3f3f4aba13f4e94dcd4.php 第 30 行.
NOTIC: [8] Undefined variable: group_name E:\xamp\htdocs\hlweb\runtime\Cache\Admin\128ab25a5bcea3f3f4aba13f4e94dcd4.php 第 30 行.
INFO: Run Behavior\ParseTemplate [ RunTime:0.045305s ]
INFO: [ view_parse ] --END-- [ RunTime:0.045391s ]
INFO: [ view_filter ] --START--
INFO: Run Behavior\WriteHtmlCache [ RunTime:0.000845s ]
INFO: [ view_filter ] --END-- [ RunTime:0.000920s ]
INFO: [ app_end ] --START--
INFO: Run Behavior\ShowPageTrace [ RunTime:0.001551s ]
INFO: [ app_end ] --END-- [ RunTime:0.001659s ]

