[ 2018-02-27T09:24:02+08:00 ] ::1 /hlweb/index.php/Admin/Public/login.html
INFO: [ app_begin ] --START--
INFO: Run Behavior\ReadHtmlCache [ RunTime:0.023015s ]
INFO: [ app_begin ] --END-- [ RunTime:0.023121s ]
INFO: [ view_parse ] --START--
INFO: [ template_filter ] --START--
INFO: Run Behavior\ContentReplace [ RunTime:0.000042s ]
INFO: [ template_filter ] --END-- [ RunTime:0.000109s ]
INFO: Run Behavior\ParseTemplate [ RunTime:0.110541s ]
INFO: [ view_parse ] --END-- [ RunTime:0.110628s ]
INFO: [ view_filter ] --START--
INFO: Run Behavior\WriteHtmlCache [ RunTime:0.019826s ]
INFO: [ view_filter ] --END-- [ RunTime:0.019916s ]
INFO: [ app_end ] --START--
INFO: Run Behavior\ShowPageTrace [ RunTime:0.013075s ]
INFO: [ app_end ] --END-- [ RunTime:0.013163s ]

[ 2018-02-27T09:24:21+08:00 ] ::1 /hlweb/index.php/Admin/Public/checklogin.html
INFO: [ app_begin ] --START--
INFO: Run Behavior\ReadHtmlCache [ RunTime:0.000967s ]
INFO: [ app_begin ] --END-- [ RunTime:0.001130s ]
NOTIC: [8192] mysql_connect(): The mysql extension is deprecated and will be removed in the future: use mysqli or PDO instead E:\xamp\htdocs\hlweb\ThinkPHP\Library\Think\Db\Driver\Mysql.class.php 第 52 行.
SQL: SHOW COLUMNS FROM `wx_base` [ RunTime:0.040028s ]
ERR: 1146:Table 'cxjp.wx_base' doesn't exist
 [ SQL语句 ] : SHOW COLUMNS FROM `wx_base`
SQL: SHOW COLUMNS FROM `wx_adminer` [ RunTime:0.149740s ]
SQL: SELECT * FROM `wx_adminer` WHERE ( `name` = 'root' ) LIMIT 1   [ RunTime:0.005624s ]

[ 2018-02-27T09:24:21+08:00 ] ::1 /hlweb/index.php/Admin/Index/index.html
INFO: [ app_begin ] --START--
INFO: Run Behavior\ReadHtmlCache [ RunTime:0.000965s ]
INFO: [ app_begin ] --END-- [ RunTime:0.001145s ]
INFO: [ view_parse ] --START--
INFO: [ template_filter ] --START--
INFO: Run Behavior\ContentReplace [ RunTime:0.000776s ]
INFO: [ template_filter ] --END-- [ RunTime:0.001180s ]
INFO: Run Behavior\ParseTemplate [ RunTime:0.267148s ]
INFO: [ view_parse ] --END-- [ RunTime:0.267303s ]
INFO: [ view_filter ] --START--
INFO: Run Behavior\WriteHtmlCache [ RunTime:0.002227s ]
INFO: [ view_filter ] --END-- [ RunTime:0.002309s ]
INFO: [ app_end ] --START--
INFO: Run Behavior\ShowPageTrace [ RunTime:0.001158s ]
INFO: [ app_end ] --END-- [ RunTime:0.001263s ]

[ 2018-02-27T09:24:23+08:00 ] ::1 /hlweb/index.php/Admin/Index/shouye.html
INFO: [ app_begin ] --START--
INFO: Run Behavior\ReadHtmlCache [ RunTime:0.000674s ]
INFO: [ app_begin ] --END-- [ RunTime:0.000793s ]
NOTIC: [8192] mysql_connect(): The mysql extension is deprecated and will be removed in the future: use mysqli or PDO instead E:\xamp\htdocs\hlweb\ThinkPHP\Library\Think\Db\Driver\Mysql.class.php 第 52 行.
SQL: SHOW COLUMNS FROM `wx_order_goods` [ RunTime:0.228156s ]
SQL: SELECT SUM(order_money) AS tp_sum FROM `wx_order_goods` WHERE ( `pay_status` = 2 ) LIMIT 1   [ RunTime:0.002446s ]
SQL: SHOW COLUMNS FROM `wx_orders` [ RunTime:0.199226s ]
NOTIC: [2] Invalid argument supplied for foreach() E:\xamp\htdocs\hlweb\ThinkPHP\Library\Think\Db.class.php 第 425 行.
SQL: SELECT COUNT(*) AS tp_count FROM `wx_orders` LIMIT 1   [ RunTime:0.009498s ]
INFO: [ view_parse ] --START--
INFO: [ template_filter ] --START--
INFO: Run Behavior\ContentReplace [ RunTime:0.000208s ]
INFO: [ template_filter ] --END-- [ RunTime:0.000322s ]
NOTIC: [8] Undefined variable: group_name E:\xamp\htdocs\hlweb\runtime\Cache\Admin\128ab25a5bcea3f3f4aba13f4e94dcd4.php 第 29 行.
NOTIC: [8] Undefined variable: module_name E:\xamp\htdocs\hlweb\runtime\Cache\Admin\128ab25a5bcea3f3f4aba13f4e94dcd4.php 第 30 行.
NOTIC: [8] Undefined variable: action_name E:\xamp\htdocs\hlweb\runtime\Cache\Admin\128ab25a5bcea3f3f4aba13f4e94dcd4.php 第 30 行.
NOTIC: [8] Undefined variable: group_name E:\xamp\htdocs\hlweb\runtime\Cache\Admin\128ab25a5bcea3f3f4aba13f4e94dcd4.php 第 30 行.
INFO: Run Behavior\ParseTemplate [ RunTime:0.073301s ]
INFO: [ view_parse ] --END-- [ RunTime:0.073467s ]
INFO: [ view_filter ] --START--
INFO: Run Behavior\WriteHtmlCache [ RunTime:0.000534s ]
INFO: [ view_filter ] --END-- [ RunTime:0.000609s ]
INFO: [ app_end ] --START--
INFO: Run Behavior\ShowPageTrace [ RunTime:0.000942s ]
INFO: [ app_end ] --END-- [ RunTime:0.001050s ]

[ 2018-02-27T09:40:43+08:00 ] ::1 /hlweb/index.php/Admin/Index/index.html
INFO: [ app_begin ] --START--
INFO: Run Behavior\ReadHtmlCache [ RunTime:0.000619s ]
INFO: [ app_begin ] --END-- [ RunTime:0.000696s ]
INFO: [ view_parse ] --START--
INFO: [ template_filter ] --START--
INFO: Run Behavior\ContentReplace [ RunTime:0.000311s ]
INFO: [ template_filter ] --END-- [ RunTime:0.000396s ]
INFO: Run Behavior\ParseTemplate [ RunTime:0.061423s ]
INFO: [ view_parse ] --END-- [ RunTime:0.061507s ]
INFO: [ view_filter ] --START--
INFO: Run Behavior\WriteHtmlCache [ RunTime:0.000597s ]
INFO: [ view_filter ] --END-- [ RunTime:0.000670s ]
INFO: [ app_end ] --START--
INFO: Run Behavior\ShowPageTrace [ RunTime:0.001557s ]
INFO: [ app_end ] --END-- [ RunTime:0.001662s ]

[ 2018-02-27T09:40:44+08:00 ] ::1 /hlweb/index.php/Admin/Index/shouye.html
INFO: [ app_begin ] --START--
INFO: Run Behavior\ReadHtmlCache [ RunTime:0.000994s ]
INFO: [ app_begin ] --END-- [ RunTime:0.001159s ]
NOTIC: [8192] mysql_connect(): The mysql extension is deprecated and will be removed in the future: use mysqli or PDO instead E:\xamp\htdocs\hlweb\ThinkPHP\Library\Think\Db\Driver\Mysql.class.php 第 52 行.
SQL: SHOW COLUMNS FROM `wx_order_goods` [ RunTime:0.021667s ]
SQL: SELECT SUM(order_money) AS tp_sum FROM `wx_order_goods` WHERE ( `pay_status` = 2 ) LIMIT 1   [ RunTime:0.007339s ]
SQL: SHOW COLUMNS FROM `wx_orders` [ RunTime:0.054372s ]
NOTIC: [2] Invalid argument supplied for foreach() E:\xamp\htdocs\hlweb\ThinkPHP\Library\Think\Db.class.php 第 425 行.
SQL: SELECT COUNT(*) AS tp_count FROM `wx_orders` LIMIT 1   [ RunTime:0.041938s ]
INFO: [ view_parse ] --START--
INFO: [ template_filter ] --START--
INFO: Run Behavior\ContentReplace [ RunTime:0.000216s ]
INFO: [ template_filter ] --END-- [ RunTime:0.000306s ]
NOTIC: [8] Undefined variable: group_name E:\xamp\htdocs\hlweb\runtime\Cache\Admin\128ab25a5bcea3f3f4aba13f4e94dcd4.php 第 29 行.
NOTIC: [8] Undefined variable: module_name E:\xamp\htdocs\hlweb\runtime\Cache\Admin\128ab25a5bcea3f3f4aba13f4e94dcd4.php 第 30 行.
NOTIC: [8] Undefined variable: action_name E:\xamp\htdocs\hlweb\runtime\Cache\Admin\128ab25a5bcea3f3f4aba13f4e94dcd4.php 第 30 行.
NOTIC: [8] Undefined variable: group_name E:\xamp\htdocs\hlweb\runtime\Cache\Admin\128ab25a5bcea3f3f4aba13f4e94dcd4.php 第 30 行.
INFO: Run Behavior\ParseTemplate [ RunTime:0.053539s ]
INFO: [ view_parse ] --END-- [ RunTime:0.053633s ]
INFO: [ view_filter ] --START--
INFO: Run Behavior\WriteHtmlCache [ RunTime:0.000470s ]
INFO: [ view_filter ] --END-- [ RunTime:0.000546s ]
INFO: [ app_end ] --START--
INFO: Run Behavior\ShowPageTrace [ RunTime:0.000943s ]
INFO: [ app_end ] --END-- [ RunTime:0.001074s ]

[ 2018-02-27T09:42:19+08:00 ] ::1 /hlweb/index.php/Admin/Index/index.html
INFO: [ app_begin ] --START--
INFO: Run Behavior\ReadHtmlCache [ RunTime:0.000743s ]
INFO: [ app_begin ] --END-- [ RunTime:0.000887s ]
INFO: [ view_parse ] --START--
INFO: [ template_filter ] --START--
INFO: Run Behavior\ContentReplace [ RunTime:0.000397s ]
INFO: [ template_filter ] --END-- [ RunTime:0.000503s ]
INFO: Run Behavior\ParseTemplate [ RunTime:0.061036s ]
INFO: [ view_parse ] --END-- [ RunTime:0.061127s ]
INFO: [ view_filter ] --START--
INFO: Run Behavior\WriteHtmlCache [ RunTime:0.000485s ]
INFO: [ view_filter ] --END-- [ RunTime:0.000562s ]
INFO: [ app_end ] --START--
INFO: Run Behavior\ShowPageTrace [ RunTime:0.016368s ]
INFO: [ app_end ] --END-- [ RunTime:0.016471s ]

[ 2018-02-27T09:42:21+08:00 ] ::1 /hlweb/index.php/Admin/Index/shouye.html
INFO: [ app_begin ] --START--
INFO: Run Behavior\ReadHtmlCache [ RunTime:0.001641s ]
INFO: [ app_begin ] --END-- [ RunTime:0.001800s ]
NOTIC: [8192] mysql_connect(): The mysql extension is deprecated and will be removed in the future: use mysqli or PDO instead E:\xamp\htdocs\hlweb\ThinkPHP\Library\Think\Db\Driver\Mysql.class.php 第 52 行.
SQL: SHOW COLUMNS FROM `wx_order_goods` [ RunTime:0.131204s ]
SQL: SELECT SUM(order_money) AS tp_sum FROM `wx_order_goods` WHERE ( `pay_status` = 2 ) LIMIT 1   [ RunTime:0.011418s ]
SQL: SHOW COLUMNS FROM `wx_orders` [ RunTime:0.047509s ]
NOTIC: [2] Invalid argument supplied for foreach() E:\xamp\htdocs\hlweb\ThinkPHP\Library\Think\Db.class.php 第 425 行.
SQL: SELECT COUNT(*) AS tp_count FROM `wx_orders` LIMIT 1   [ RunTime:0.022537s ]
INFO: [ view_parse ] --START--
INFO: [ template_filter ] --START--
INFO: Run Behavior\ContentReplace [ RunTime:0.000209s ]
INFO: [ template_filter ] --END-- [ RunTime:0.000295s ]
NOTIC: [8] Undefined variable: group_name E:\xamp\htdocs\hlweb\runtime\Cache\Admin\128ab25a5bcea3f3f4aba13f4e94dcd4.php 第 29 行.
NOTIC: [8] Undefined variable: module_name E:\xamp\htdocs\hlweb\runtime\Cache\Admin\128ab25a5bcea3f3f4aba13f4e94dcd4.php 第 30 行.
NOTIC: [8] Undefined variable: action_name E:\xamp\htdocs\hlweb\runtime\Cache\Admin\128ab25a5bcea3f3f4aba13f4e94dcd4.php 第 30 行.
NOTIC: [8] Undefined variable: group_name E:\xamp\htdocs\hlweb\runtime\Cache\Admin\128ab25a5bcea3f3f4aba13f4e94dcd4.php 第 30 行.
INFO: Run Behavior\ParseTemplate [ RunTime:0.073469s ]
INFO: [ view_parse ] --END-- [ RunTime:0.073592s ]
INFO: [ view_filter ] --START--
INFO: Run Behavior\WriteHtmlCache [ RunTime:0.000754s ]
INFO: [ view_filter ] --END-- [ RunTime:0.000838s ]
INFO: [ app_end ] --START--
INFO: Run Behavior\ShowPageTrace [ RunTime:0.000953s ]
INFO: [ app_end ] --END-- [ RunTime:0.001084s ]

[ 2018-02-27T09:43:56+08:00 ] ::1 /hlweb/index.php/Admin/Index/index.html
INFO: [ app_begin ] --START--
INFO: Run Behavior\ReadHtmlCache [ RunTime:0.000862s ]
INFO: [ app_begin ] --END-- [ RunTime:0.001012s ]
INFO: [ view_parse ] --START--
INFO: [ template_filter ] --START--
INFO: Run Behavior\ContentReplace [ RunTime:0.000375s ]
INFO: [ template_filter ] --END-- [ RunTime:0.000478s ]
INFO: Run Behavior\ParseTemplate [ RunTime:0.045835s ]
INFO: [ view_parse ] --END-- [ RunTime:0.045909s ]
INFO: [ view_filter ] --START--
INFO: Run Behavior\WriteHtmlCache [ RunTime:0.000461s ]
INFO: [ view_filter ] --END-- [ RunTime:0.000516s ]
INFO: [ app_end ] --START--
INFO: Run Behavior\ShowPageTrace [ RunTime:0.001399s ]
INFO: [ app_end ] --END-- [ RunTime:0.002882s ]

[ 2018-02-27T09:43:58+08:00 ] ::1 /hlweb/index.php/Admin/Index/shouye.html
INFO: [ app_begin ] --START--
INFO: Run Behavior\ReadHtmlCache [ RunTime:0.000747s ]
INFO: [ app_begin ] --END-- [ RunTime:0.000854s ]
NOTIC: [8192] mysql_connect(): The mysql extension is deprecated and will be removed in the future: use mysqli or PDO instead E:\xamp\htdocs\hlweb\ThinkPHP\Library\Think\Db\Driver\Mysql.class.php 第 52 行.
SQL: SHOW COLUMNS FROM `wx_order_goods` [ RunTime:0.017899s ]
SQL: SELECT SUM(order_money) AS tp_sum FROM `wx_order_goods` WHERE ( `pay_status` = 2 ) LIMIT 1   [ RunTime:0.000517s ]
SQL: SHOW COLUMNS FROM `wx_orders` [ RunTime:0.010502s ]
NOTIC: [2] Invalid argument supplied for foreach() E:\xamp\htdocs\hlweb\ThinkPHP\Library\Think\Db.class.php 第 425 行.
SQL: SELECT COUNT(*) AS tp_count FROM `wx_orders` LIMIT 1   [ RunTime:0.000416s ]
INFO: [ view_parse ] --START--
INFO: [ template_filter ] --START--
INFO: Run Behavior\ContentReplace [ RunTime:0.000241s ]
INFO: [ template_filter ] --END-- [ RunTime:0.000356s ]
NOTIC: [8] Undefined variable: group_name E:\xamp\htdocs\hlweb\runtime\Cache\Admin\128ab25a5bcea3f3f4aba13f4e94dcd4.php 第 29 行.
NOTIC: [8] Undefined variable: module_name E:\xamp\htdocs\hlweb\runtime\Cache\Admin\128ab25a5bcea3f3f4aba13f4e94dcd4.php 第 30 行.
NOTIC: [8] Undefined variable: action_name E:\xamp\htdocs\hlweb\runtime\Cache\Admin\128ab25a5bcea3f3f4aba13f4e94dcd4.php 第 30 行.
NOTIC: [8] Undefined variable: group_name E:\xamp\htdocs\hlweb\runtime\Cache\Admin\128ab25a5bcea3f3f4aba13f4e94dcd4.php 第 30 行.
INFO: Run Behavior\ParseTemplate [ RunTime:0.105178s ]
INFO: [ view_parse ] --END-- [ RunTime:0.105254s ]
INFO: [ view_filter ] --START--
INFO: Run Behavior\WriteHtmlCache [ RunTime:0.000495s ]
INFO: [ view_filter ] --END-- [ RunTime:0.000574s ]
INFO: [ app_end ] --START--
INFO: Run Behavior\ShowPageTrace [ RunTime:0.001021s ]
INFO: [ app_end ] --END-- [ RunTime:0.001132s ]

[ 2018-02-27T09:44:44+08:00 ] ::1 /hlweb/index.php/Admin/Index/index.html
INFO: [ app_begin ] --START--
INFO: Run Behavior\ReadHtmlCache [ RunTime:0.000776s ]
INFO: [ app_begin ] --END-- [ RunTime:0.000879s ]
INFO: [ view_parse ] --START--
INFO: [ template_filter ] --START--
INFO: Run Behavior\ContentReplace [ RunTime:0.000355s ]
INFO: [ template_filter ] --END-- [ RunTime:0.000495s ]
INFO: Run Behavior\ParseTemplate [ RunTime:0.058240s ]
INFO: [ view_parse ] --END-- [ RunTime:0.058395s ]
INFO: [ view_filter ] --START--
INFO: Run Behavior\WriteHtmlCache [ RunTime:0.000418s ]
INFO: [ view_filter ] --END-- [ RunTime:0.000492s ]
INFO: [ app_end ] --START--
INFO: Run Behavior\ShowPageTrace [ RunTime:0.006696s ]
INFO: [ app_end ] --END-- [ RunTime:0.006839s ]

[ 2018-02-27T09:44:46+08:00 ] ::1 /hlweb/index.php/Admin/Index/shouye.html
INFO: [ app_begin ] --START--
INFO: Run Behavior\ReadHtmlCache [ RunTime:0.000707s ]
INFO: [ app_begin ] --END-- [ RunTime:0.000819s ]
NOTIC: [8192] mysql_connect(): The mysql extension is deprecated and will be removed in the future: use mysqli or PDO instead E:\xamp\htdocs\hlweb\ThinkPHP\Library\Think\Db\Driver\Mysql.class.php 第 52 行.
SQL: SHOW COLUMNS FROM `wx_order_goods` [ RunTime:0.107964s ]
SQL: SELECT SUM(order_money) AS tp_sum FROM `wx_order_goods` WHERE ( `pay_status` = 2 ) LIMIT 1   [ RunTime:0.050913s ]
SQL: SHOW COLUMNS FROM `wx_orders` [ RunTime:0.060143s ]
NOTIC: [2] Invalid argument supplied for foreach() E:\xamp\htdocs\hlweb\ThinkPHP\Library\Think\Db.class.php 第 425 行.
SQL: SELECT COUNT(*) AS tp_count FROM `wx_orders` LIMIT 1   [ RunTime:0.000888s ]
INFO: [ view_parse ] --START--
INFO: [ template_filter ] --START--
INFO: Run Behavior\ContentReplace [ RunTime:0.000213s ]
INFO: [ template_filter ] --END-- [ RunTime:0.000328s ]
NOTIC: [8] Undefined variable: group_name E:\xamp\htdocs\hlweb\runtime\Cache\Admin\128ab25a5bcea3f3f4aba13f4e94dcd4.php 第 29 行.
NOTIC: [8] Undefined variable: module_name E:\xamp\htdocs\hlweb\runtime\Cache\Admin\128ab25a5bcea3f3f4aba13f4e94dcd4.php 第 30 行.
NOTIC: [8] Undefined variable: action_name E:\xamp\htdocs\hlweb\runtime\Cache\Admin\128ab25a5bcea3f3f4aba13f4e94dcd4.php 第 30 行.
NOTIC: [8] Undefined variable: group_name E:\xamp\htdocs\hlweb\runtime\Cache\Admin\128ab25a5bcea3f3f4aba13f4e94dcd4.php 第 30 行.
INFO: Run Behavior\ParseTemplate [ RunTime:0.111205s ]
INFO: [ view_parse ] --END-- [ RunTime:0.111277s ]
INFO: [ view_filter ] --START--
INFO: Run Behavior\WriteHtmlCache [ RunTime:0.000557s ]
INFO: [ view_filter ] --END-- [ RunTime:0.000734s ]
INFO: [ app_end ] --START--
INFO: Run Behavior\ShowPageTrace [ RunTime:0.000854s ]
INFO: [ app_end ] --END-- [ RunTime:0.000983s ]

[ 2018-02-27T09:51:49+08:00 ] ::1 /hlweb/index.php/Admin/Index/index.html
INFO: [ app_begin ] --START--
INFO: Run Behavior\ReadHtmlCache [ RunTime:0.000659s ]
INFO: [ app_begin ] --END-- [ RunTime:0.000794s ]
INFO: [ view_parse ] --START--
INFO: [ template_filter ] --START--
INFO: Run Behavior\ContentReplace [ RunTime:0.000285s ]
INFO: [ template_filter ] --END-- [ RunTime:0.000361s ]
INFO: Run Behavior\ParseTemplate [ RunTime:0.057974s ]
INFO: [ view_parse ] --END-- [ RunTime:0.058088s ]
INFO: [ view_filter ] --START--
INFO: Run Behavior\WriteHtmlCache [ RunTime:0.000912s ]
INFO: [ view_filter ] --END-- [ RunTime:0.000994s ]
INFO: [ app_end ] --START--
INFO: Run Behavior\ShowPageTrace [ RunTime:0.001524s ]
INFO: [ app_end ] --END-- [ RunTime:0.001659s ]

[ 2018-02-27T09:51:50+08:00 ] ::1 /hlweb/index.php/Admin/Index/shouye.html
INFO: [ app_begin ] --START--
INFO: Run Behavior\ReadHtmlCache [ RunTime:0.000703s ]
INFO: [ app_begin ] --END-- [ RunTime:0.000802s ]
NOTIC: [8192] mysql_connect(): The mysql extension is deprecated and will be removed in the future: use mysqli or PDO instead E:\xamp\htdocs\hlweb\ThinkPHP\Library\Think\Db\Driver\Mysql.class.php 第 52 行.
SQL: SHOW COLUMNS FROM `wx_order_goods` [ RunTime:0.019933s ]
SQL: SELECT SUM(order_money) AS tp_sum FROM `wx_order_goods` WHERE ( `pay_status` = 2 ) LIMIT 1   [ RunTime:0.057722s ]
SQL: SHOW COLUMNS FROM `wx_orders` [ RunTime:0.061967s ]
NOTIC: [2] Invalid argument supplied for foreach() E:\xamp\htdocs\hlweb\ThinkPHP\Library\Think\Db.class.php 第 425 行.
SQL: SELECT COUNT(*) AS tp_count FROM `wx_orders` LIMIT 1   [ RunTime:0.019679s ]
INFO: [ view_parse ] --START--
INFO: [ template_filter ] --START--
INFO: Run Behavior\ContentReplace [ RunTime:0.000230s ]
INFO: [ template_filter ] --END-- [ RunTime:0.000336s ]
NOTIC: [8] Undefined variable: group_name E:\xamp\htdocs\hlweb\runtime\Cache\Admin\128ab25a5bcea3f3f4aba13f4e94dcd4.php 第 29 行.
NOTIC: [8] Undefined variable: module_name E:\xamp\htdocs\hlweb\runtime\Cache\Admin\128ab25a5bcea3f3f4aba13f4e94dcd4.php 第 30 行.
NOTIC: [8] Undefined variable: action_name E:\xamp\htdocs\hlweb\runtime\Cache\Admin\128ab25a5bcea3f3f4aba13f4e94dcd4.php 第 30 行.
NOTIC: [8] Undefined variable: group_name E:\xamp\htdocs\hlweb\runtime\Cache\Admin\128ab25a5bcea3f3f4aba13f4e94dcd4.php 第 30 行.
INFO: Run Behavior\ParseTemplate [ RunTime:0.045950s ]
INFO: [ view_parse ] --END-- [ RunTime:0.046052s ]
INFO: [ view_filter ] --START--
INFO: Run Behavior\WriteHtmlCache [ RunTime:0.000737s ]
INFO: [ view_filter ] --END-- [ RunTime:0.000816s ]
INFO: [ app_end ] --START--
INFO: Run Behavior\ShowPageTrace [ RunTime:0.000833s ]
INFO: [ app_end ] --END-- [ RunTime:0.000956s ]

[ 2018-02-27T09:53:15+08:00 ] ::1 /hlweb/index.php/Admin/Index/index.html
INFO: [ app_begin ] --START--
INFO: Run Behavior\ReadHtmlCache [ RunTime:0.000942s ]
INFO: [ app_begin ] --END-- [ RunTime:0.001055s ]
INFO: [ view_parse ] --START--
INFO: [ template_filter ] --START--
INFO: Run Behavior\ContentReplace [ RunTime:0.000301s ]
INFO: [ template_filter ] --END-- [ RunTime:0.000390s ]
INFO: Run Behavior\ParseTemplate [ RunTime:0.046015s ]
INFO: [ view_parse ] --END-- [ RunTime:0.046318s ]
INFO: [ view_filter ] --START--
INFO: Run Behavior\WriteHtmlCache [ RunTime:0.000877s ]
INFO: [ view_filter ] --END-- [ RunTime:0.000942s ]
INFO: [ app_end ] --START--
INFO: Run Behavior\ShowPageTrace [ RunTime:0.001259s ]
INFO: [ app_end ] --END-- [ RunTime:0.002778s ]

[ 2018-02-27T09:53:17+08:00 ] ::1 /hlweb/index.php/Admin/Index/shouye.html
INFO: [ app_begin ] --START--
INFO: Run Behavior\ReadHtmlCache [ RunTime:0.000659s ]
INFO: [ app_begin ] --END-- [ RunTime:0.000762s ]
NOTIC: [8192] mysql_connect(): The mysql extension is deprecated and will be removed in the future: use mysqli or PDO instead E:\xamp\htdocs\hlweb\ThinkPHP\Library\Think\Db\Driver\Mysql.class.php 第 52 行.
SQL: SHOW COLUMNS FROM `wx_order_goods` [ RunTime:0.028381s ]
SQL: SELECT SUM(order_money) AS tp_sum FROM `wx_order_goods` WHERE ( `pay_status` = 2 ) LIMIT 1   [ RunTime:0.001908s ]
SQL: SHOW COLUMNS FROM `wx_orders` [ RunTime:0.023634s ]
NOTIC: [2] Invalid argument supplied for foreach() E:\xamp\htdocs\hlweb\ThinkPHP\Library\Think\Db.class.php 第 425 行.
SQL: SELECT COUNT(*) AS tp_count FROM `wx_orders` LIMIT 1   [ RunTime:0.003198s ]
INFO: [ view_parse ] --START--
INFO: [ template_filter ] --START--
INFO: Run Behavior\ContentReplace [ RunTime:0.002188s ]
INFO: [ template_filter ] --END-- [ RunTime:0.002410s ]
NOTIC: [8] Undefined variable: group_name E:\xamp\htdocs\hlweb\runtime\Cache\Admin\128ab25a5bcea3f3f4aba13f4e94dcd4.php 第 29 行.
NOTIC: [8] Undefined variable: module_name E:\xamp\htdocs\hlweb\runtime\Cache\Admin\128ab25a5bcea3f3f4aba13f4e94dcd4.php 第 30 行.
NOTIC: [8] Undefined variable: action_name E:\xamp\htdocs\hlweb\runtime\Cache\Admin\128ab25a5bcea3f3f4aba13f4e94dcd4.php 第 30 行.
NOTIC: [8] Undefined variable: group_name E:\xamp\htdocs\hlweb\runtime\Cache\Admin\128ab25a5bcea3f3f4aba13f4e94dcd4.php 第 30 行.
INFO: Run Behavior\ParseTemplate [ RunTime:0.115343s ]
INFO: [ view_parse ] --END-- [ RunTime:0.115423s ]
INFO: [ view_filter ] --START--
INFO: Run Behavior\WriteHtmlCache [ RunTime:0.000439s ]
INFO: [ view_filter ] --END-- [ RunTime:0.000507s ]
INFO: [ app_end ] --START--
INFO: Run Behavior\ShowPageTrace [ RunTime:0.002979s ]
INFO: [ app_end ] --END-- [ RunTime:0.003185s ]

[ 2018-02-27T09:55:16+08:00 ] ::1 /hlweb/index.php/Admin/Index/index.html
INFO: [ app_begin ] --START--
INFO: Run Behavior\ReadHtmlCache [ RunTime:0.000620s ]
INFO: [ app_begin ] --END-- [ RunTime:0.000698s ]
INFO: [ view_parse ] --START--
INFO: [ template_filter ] --START--
INFO: Run Behavior\ContentReplace [ RunTime:0.000195s ]
INFO: [ template_filter ] --END-- [ RunTime:0.000302s ]
INFO: Run Behavior\ParseTemplate [ RunTime:0.138199s ]
INFO: [ view_parse ] --END-- [ RunTime:0.138345s ]
INFO: [ view_filter ] --START--
INFO: Run Behavior\WriteHtmlCache [ RunTime:0.001587s ]
INFO: [ view_filter ] --END-- [ RunTime:0.001690s ]
INFO: [ app_end ] --START--
INFO: Run Behavior\ShowPageTrace [ RunTime:0.002348s ]
INFO: [ app_end ] --END-- [ RunTime:0.002705s ]

[ 2018-02-27T09:55:17+08:00 ] ::1 /hlweb/index.php/Admin/Index/shouye.html
INFO: [ app_begin ] --START--
INFO: Run Behavior\ReadHtmlCache [ RunTime:0.000665s ]
INFO: [ app_begin ] --END-- [ RunTime:0.000777s ]
NOTIC: [8192] mysql_connect(): The mysql extension is deprecated and will be removed in the future: use mysqli or PDO instead E:\xamp\htdocs\hlweb\ThinkPHP\Library\Think\Db\Driver\Mysql.class.php 第 52 行.
SQL: SHOW COLUMNS FROM `wx_order_goods` [ RunTime:0.125244s ]
SQL: SELECT SUM(order_money) AS tp_sum FROM `wx_order_goods` WHERE ( `pay_status` = 2 ) LIMIT 1   [ RunTime:0.001628s ]
SQL: SHOW COLUMNS FROM `wx_orders` [ RunTime:0.042670s ]
NOTIC: [2] Invalid argument supplied for foreach() E:\xamp\htdocs\hlweb\ThinkPHP\Library\Think\Db.class.php 第 425 行.
SQL: SELECT COUNT(*) AS tp_count FROM `wx_orders` LIMIT 1   [ RunTime:0.005089s ]
INFO: [ view_parse ] --START--
INFO: [ template_filter ] --START--
INFO: Run Behavior\ContentReplace [ RunTime:0.000231s ]
INFO: [ template_filter ] --END-- [ RunTime:0.000803s ]
NOTIC: [8] Undefined variable: group_name E:\xamp\htdocs\hlweb\runtime\Cache\Admin\128ab25a5bcea3f3f4aba13f4e94dcd4.php 第 29 行.
NOTIC: [8] Undefined variable: module_name E:\xamp\htdocs\hlweb\runtime\Cache\Admin\128ab25a5bcea3f3f4aba13f4e94dcd4.php 第 30 行.
NOTIC: [8] Undefined variable: action_name E:\xamp\htdocs\hlweb\runtime\Cache\Admin\128ab25a5bcea3f3f4aba13f4e94dcd4.php 第 30 行.
NOTIC: [8] Undefined variable: group_name E:\xamp\htdocs\hlweb\runtime\Cache\Admin\128ab25a5bcea3f3f4aba13f4e94dcd4.php 第 30 行.
INFO: Run Behavior\ParseTemplate [ RunTime:0.061661s ]
INFO: [ view_parse ] --END-- [ RunTime:0.061746s ]
INFO: [ view_filter ] --START--
INFO: Run Behavior\WriteHtmlCache [ RunTime:0.000561s ]
INFO: [ view_filter ] --END-- [ RunTime:0.000639s ]
INFO: [ app_end ] --START--
INFO: Run Behavior\ShowPageTrace [ RunTime:0.000973s ]
INFO: [ app_end ] --END-- [ RunTime:0.001081s ]

[ 2018-02-27T10:05:45+08:00 ] ::1 /hlweb/index.php/Admin/Index/index.html
INFO: [ app_begin ] --START--
INFO: Run Behavior\ReadHtmlCache [ RunTime:0.000944s ]
INFO: [ app_begin ] --END-- [ RunTime:0.001062s ]
INFO: [ view_parse ] --START--
INFO: [ template_filter ] --START--
INFO: Run Behavior\ContentReplace [ RunTime:0.000334s ]
INFO: [ template_filter ] --END-- [ RunTime:0.000472s ]
INFO: Run Behavior\ParseTemplate [ RunTime:0.064996s ]
INFO: [ view_parse ] --END-- [ RunTime:0.065163s ]
INFO: [ view_filter ] --START--
INFO: Run Behavior\WriteHtmlCache [ RunTime:0.000723s ]
INFO: [ view_filter ] --END-- [ RunTime:0.000800s ]
INFO: [ app_end ] --START--
INFO: Run Behavior\ShowPageTrace [ RunTime:0.003053s ]
INFO: [ app_end ] --END-- [ RunTime:0.003156s ]

[ 2018-02-27T10:05:47+08:00 ] ::1 /hlweb/index.php/Admin/Index/shouye.html
INFO: [ app_begin ] --START--
INFO: Run Behavior\ReadHtmlCache [ RunTime:0.000741s ]
INFO: [ app_begin ] --END-- [ RunTime:0.000850s ]
NOTIC: [8192] mysql_connect(): The mysql extension is deprecated and will be removed in the future: use mysqli or PDO instead E:\xamp\htdocs\hlweb\ThinkPHP\Library\Think\Db\Driver\Mysql.class.php 第 52 行.
SQL: SHOW COLUMNS FROM `wx_order_goods` [ RunTime:0.035833s ]
SQL: SELECT SUM(order_money) AS tp_sum FROM `wx_order_goods` WHERE ( `pay_status` = 2 ) LIMIT 1   [ RunTime:0.040525s ]
SQL: SHOW COLUMNS FROM `wx_orders` [ RunTime:0.158701s ]
NOTIC: [2] Invalid argument supplied for foreach() E:\xamp\htdocs\hlweb\ThinkPHP\Library\Think\Db.class.php 第 425 行.
SQL: SELECT COUNT(*) AS tp_count FROM `wx_orders` LIMIT 1   [ RunTime:0.022862s ]
INFO: [ view_parse ] --START--
INFO: [ template_filter ] --START--
INFO: Run Behavior\ContentReplace [ RunTime:0.000244s ]
INFO: [ template_filter ] --END-- [ RunTime:0.000332s ]
NOTIC: [8] Undefined variable: group_name E:\xamp\htdocs\hlweb\runtime\Cache\Admin\128ab25a5bcea3f3f4aba13f4e94dcd4.php 第 29 行.
NOTIC: [8] Undefined variable: module_name E:\xamp\htdocs\hlweb\runtime\Cache\Admin\128ab25a5bcea3f3f4aba13f4e94dcd4.php 第 30 行.
NOTIC: [8] Undefined variable: action_name E:\xamp\htdocs\hlweb\runtime\Cache\Admin\128ab25a5bcea3f3f4aba13f4e94dcd4.php 第 30 行.
NOTIC: [8] Undefined variable: group_name E:\xamp\htdocs\hlweb\runtime\Cache\Admin\128ab25a5bcea3f3f4aba13f4e94dcd4.php 第 30 行.
INFO: Run Behavior\ParseTemplate [ RunTime:0.059394s ]
INFO: [ view_parse ] --END-- [ RunTime:0.059497s ]
INFO: [ view_filter ] --START--
INFO: Run Behavior\WriteHtmlCache [ RunTime:0.000612s ]
INFO: [ view_filter ] --END-- [ RunTime:0.000686s ]
INFO: [ app_end ] --START--
INFO: Run Behavior\ShowPageTrace [ RunTime:0.000776s ]
INFO: [ app_end ] --END-- [ RunTime:0.000886s ]

[ 2018-02-27T10:06:36+08:00 ] ::1 /hlweb/index.php/Admin/Index/index.html
INFO: [ app_begin ] --START--
INFO: Run Behavior\ReadHtmlCache [ RunTime:0.002322s ]
INFO: [ app_begin ] --END-- [ RunTime:0.002699s ]
INFO: [ view_parse ] --START--
INFO: [ template_filter ] --START--
INFO: Run Behavior\ContentReplace [ RunTime:0.000264s ]
INFO: [ template_filter ] --END-- [ RunTime:0.000406s ]
INFO: Run Behavior\ParseTemplate [ RunTime:0.188363s ]
INFO: [ view_parse ] --END-- [ RunTime:0.188449s ]
INFO: [ view_filter ] --START--
INFO: Run Behavior\WriteHtmlCache [ RunTime:0.000404s ]
INFO: [ view_filter ] --END-- [ RunTime:0.000476s ]
INFO: [ app_end ] --START--
INFO: Run Behavior\ShowPageTrace [ RunTime:0.003535s ]
INFO: [ app_end ] --END-- [ RunTime:0.003860s ]

[ 2018-02-27T10:06:37+08:00 ] ::1 /hlweb/index.php/Admin/Index/shouye.html
INFO: [ app_begin ] --START--
INFO: Run Behavior\ReadHtmlCache [ RunTime:0.000731s ]
INFO: [ app_begin ] --END-- [ RunTime:0.000841s ]
NOTIC: [8192] mysql_connect(): The mysql extension is deprecated and will be removed in the future: use mysqli or PDO instead E:\xamp\htdocs\hlweb\ThinkPHP\Library\Think\Db\Driver\Mysql.class.php 第 52 行.
SQL: SHOW COLUMNS FROM `wx_order_goods` [ RunTime:0.031188s ]
SQL: SELECT SUM(order_money) AS tp_sum FROM `wx_order_goods` WHERE ( `pay_status` = 2 ) LIMIT 1   [ RunTime:0.028479s ]
SQL: SHOW COLUMNS FROM `wx_orders` [ RunTime:0.045797s ]
NOTIC: [2] Invalid argument supplied for foreach() E:\xamp\htdocs\hlweb\ThinkPHP\Library\Think\Db.class.php 第 425 行.
SQL: SELECT COUNT(*) AS tp_count FROM `wx_orders` LIMIT 1   [ RunTime:0.004074s ]
INFO: [ view_parse ] --START--
INFO: [ template_filter ] --START--
INFO: Run Behavior\ContentReplace [ RunTime:0.000208s ]
INFO: [ template_filter ] --END-- [ RunTime:0.000285s ]
NOTIC: [8] Undefined variable: group_name E:\xamp\htdocs\hlweb\runtime\Cache\Admin\128ab25a5bcea3f3f4aba13f4e94dcd4.php 第 29 行.
NOTIC: [8] Undefined variable: module_name E:\xamp\htdocs\hlweb\runtime\Cache\Admin\128ab25a5bcea3f3f4aba13f4e94dcd4.php 第 30 行.
NOTIC: [8] Undefined variable: action_name E:\xamp\htdocs\hlweb\runtime\Cache\Admin\128ab25a5bcea3f3f4aba13f4e94dcd4.php 第 30 行.
NOTIC: [8] Undefined variable: group_name E:\xamp\htdocs\hlweb\runtime\Cache\Admin\128ab25a5bcea3f3f4aba13f4e94dcd4.php 第 30 行.
INFO: Run Behavior\ParseTemplate [ RunTime:0.052909s ]
INFO: [ view_parse ] --END-- [ RunTime:0.053019s ]
INFO: [ view_filter ] --START--
INFO: Run Behavior\WriteHtmlCache [ RunTime:0.000851s ]
INFO: [ view_filter ] --END-- [ RunTime:0.000950s ]
INFO: [ app_end ] --START--
INFO: Run Behavior\ShowPageTrace [ RunTime:0.001137s ]
INFO: [ app_end ] --END-- [ RunTime:0.001291s ]

[ 2018-02-27T10:07:25+08:00 ] ::1 /hlweb/index.php/Admin/Index/index.html
INFO: [ app_begin ] --START--
INFO: Run Behavior\ReadHtmlCache [ RunTime:0.000665s ]
INFO: [ app_begin ] --END-- [ RunTime:0.000757s ]
INFO: [ view_parse ] --START--
INFO: [ template_filter ] --START--
INFO: Run Behavior\ContentReplace [ RunTime:0.000181s ]
INFO: [ template_filter ] --END-- [ RunTime:0.000252s ]
INFO: Run Behavior\ParseTemplate [ RunTime:0.043823s ]
INFO: [ view_parse ] --END-- [ RunTime:0.043896s ]
INFO: [ view_filter ] --START--
INFO: Run Behavior\WriteHtmlCache [ RunTime:0.000395s ]
INFO: [ view_filter ] --END-- [ RunTime:0.000446s ]
INFO: [ app_end ] --START--
INFO: Run Behavior\ShowPageTrace [ RunTime:0.001113s ]
INFO: [ app_end ] --END-- [ RunTime:0.001220s ]

[ 2018-02-27T10:07:26+08:00 ] ::1 /hlweb/index.php/Admin/Index/shouye.html
INFO: [ app_begin ] --START--
INFO: Run Behavior\ReadHtmlCache [ RunTime:0.000725s ]
INFO: [ app_begin ] --END-- [ RunTime:0.000831s ]
NOTIC: [8192] mysql_connect(): The mysql extension is deprecated and will be removed in the future: use mysqli or PDO instead E:\xamp\htdocs\hlweb\ThinkPHP\Library\Think\Db\Driver\Mysql.class.php 第 52 行.
SQL: SHOW COLUMNS FROM `wx_order_goods` [ RunTime:0.016899s ]
SQL: SELECT SUM(order_money) AS tp_sum FROM `wx_order_goods` WHERE ( `pay_status` = 2 ) LIMIT 1   [ RunTime:0.000555s ]
SQL: SHOW COLUMNS FROM `wx_orders` [ RunTime:0.109721s ]
NOTIC: [2] Invalid argument supplied for foreach() E:\xamp\htdocs\hlweb\ThinkPHP\Library\Think\Db.class.php 第 425 行.
SQL: SELECT COUNT(*) AS tp_count FROM `wx_orders` LIMIT 1   [ RunTime:0.000402s ]
INFO: [ view_parse ] --START--
INFO: [ template_filter ] --START--
INFO: Run Behavior\ContentReplace [ RunTime:0.000245s ]
INFO: [ template_filter ] --END-- [ RunTime:0.000339s ]
NOTIC: [8] Undefined variable: group_name E:\xamp\htdocs\hlweb\runtime\Cache\Admin\128ab25a5bcea3f3f4aba13f4e94dcd4.php 第 29 行.
NOTIC: [8] Undefined variable: module_name E:\xamp\htdocs\hlweb\runtime\Cache\Admin\128ab25a5bcea3f3f4aba13f4e94dcd4.php 第 30 行.
NOTIC: [8] Undefined variable: action_name E:\xamp\htdocs\hlweb\runtime\Cache\Admin\128ab25a5bcea3f3f4aba13f4e94dcd4.php 第 30 行.
NOTIC: [8] Undefined variable: group_name E:\xamp\htdocs\hlweb\runtime\Cache\Admin\128ab25a5bcea3f3f4aba13f4e94dcd4.php 第 30 行.
INFO: Run Behavior\ParseTemplate [ RunTime:0.080206s ]
INFO: [ view_parse ] --END-- [ RunTime:0.080281s ]
INFO: [ view_filter ] --START--
INFO: Run Behavior\WriteHtmlCache [ RunTime:0.000422s ]
INFO: [ view_filter ] --END-- [ RunTime:0.000492s ]
INFO: [ app_end ] --START--
INFO: Run Behavior\ShowPageTrace [ RunTime:0.001020s ]
INFO: [ app_end ] --END-- [ RunTime:0.001146s ]

[ 2018-02-27T10:09:00+08:00 ] ::1 /hlweb/index.php/Admin/Cate/index.html
INFO: [ app_begin ] --START--
INFO: Run Behavior\ReadHtmlCache [ RunTime:0.001056s ]
INFO: [ app_begin ] --END-- [ RunTime:0.001171s ]
NOTIC: [8192] mysql_connect(): The mysql extension is deprecated and will be removed in the future: use mysqli or PDO instead E:\xamp\htdocs\hlweb\ThinkPHP\Library\Think\Db\Driver\Mysql.class.php 第 52 行.
SQL: SHOW COLUMNS FROM `wx_cate` [ RunTime:0.071657s ]
NOTIC: [2] Invalid argument supplied for foreach() E:\xamp\htdocs\hlweb\ThinkPHP\Library\Think\Db.class.php 第 425 行.
SQL: SELECT COUNT(*) AS tp_count FROM `wx_cate` LIMIT 1   [ RunTime:0.001700s ]
NOTIC: [2] Invalid argument supplied for foreach() E:\xamp\htdocs\hlweb\ThinkPHP\Library\Think\Db.class.php 第 425 行.
SQL: SELECT * FROM `wx_cate` ORDER BY create_time DESC LIMIT 0,25   [ RunTime:0.000525s ]
INFO: [ view_parse ] --START--
INFO: [ template_filter ] --START--
INFO: Run Behavior\ContentReplace [ RunTime:0.000091s ]
INFO: [ template_filter ] --END-- [ RunTime:0.000159s ]
NOTIC: [8] Undefined variable: group_name E:\xamp\htdocs\hlweb\runtime\Cache\Admin\1537dc1a60bf3f0c8cba043c2989173b.php 第 29 行.
NOTIC: [8] Undefined variable: module_name E:\xamp\htdocs\hlweb\runtime\Cache\Admin\1537dc1a60bf3f0c8cba043c2989173b.php 第 30 行.
NOTIC: [8] Undefined variable: action_name E:\xamp\htdocs\hlweb\runtime\Cache\Admin\1537dc1a60bf3f0c8cba043c2989173b.php 第 30 行.
NOTIC: [8] Undefined variable: group_name E:\xamp\htdocs\hlweb\runtime\Cache\Admin\1537dc1a60bf3f0c8cba043c2989173b.php 第 30 行.
NOTIC: [8] Undefined variable: name E:\xamp\htdocs\hlweb\runtime\Cache\Admin\1537dc1a60bf3f0c8cba043c2989173b.php 第 56 行.
NOTIC: [8] Undefined variable: module_name E:\xamp\htdocs\hlweb\runtime\Cache\Admin\1537dc1a60bf3f0c8cba043c2989173b.php 第 58 行.
NOTIC: [8] Undefined variable: group_name E:\xamp\htdocs\hlweb\runtime\Cache\Admin\1537dc1a60bf3f0c8cba043c2989173b.php 第 59 行.
NOTIC: [8] Use of undefined constant status - assumed 'status' E:\xamp\htdocs\hlweb\runtime\Cache\Admin\1537dc1a60bf3f0c8cba043c2989173b.php 第 102 行.
NOTIC: [8] Use of undefined constant status - assumed 'status' E:\xamp\htdocs\hlweb\runtime\Cache\Admin\1537dc1a60bf3f0c8cba043c2989173b.php 第 102 行.
NOTIC: [8] Use of undefined constant status - assumed 'status' E:\xamp\htdocs\hlweb\runtime\Cache\Admin\1537dc1a60bf3f0c8cba043c2989173b.php 第 103 行.
NOTIC: [8] Use of undefined constant id - assumed 'id' E:\xamp\htdocs\hlweb\runtime\Cache\Admin\1537dc1a60bf3f0c8cba043c2989173b.php 第 106 行.
NOTIC: [8] Use of undefined constant id - assumed 'id' E:\xamp\htdocs\hlweb\runtime\Cache\Admin\1537dc1a60bf3f0c8cba043c2989173b.php 第 107 行.
NOTIC: [8] Use of undefined constant status - assumed 'status' E:\xamp\htdocs\hlweb\runtime\Cache\Admin\1537dc1a60bf3f0c8cba043c2989173b.php 第 102 行.
NOTIC: [8] Use of undefined constant status - assumed 'status' E:\xamp\htdocs\hlweb\runtime\Cache\Admin\1537dc1a60bf3f0c8cba043c2989173b.php 第 102 行.
NOTIC: [8] Use of undefined constant status - assumed 'status' E:\xamp\htdocs\hlweb\runtime\Cache\Admin\1537dc1a60bf3f0c8cba043c2989173b.php 第 103 行.
NOTIC: [8] Use of undefined constant id - assumed 'id' E:\xamp\htdocs\hlweb\runtime\Cache\Admin\1537dc1a60bf3f0c8cba043c2989173b.php 第 106 行.
NOTIC: [8] Use of undefined constant id - assumed 'id' E:\xamp\htdocs\hlweb\runtime\Cache\Admin\1537dc1a60bf3f0c8cba043c2989173b.php 第 107 行.
NOTIC: [8] Use of undefined constant status - assumed 'status' E:\xamp\htdocs\hlweb\runtime\Cache\Admin\1537dc1a60bf3f0c8cba043c2989173b.php 第 102 行.
NOTIC: [8] Use of undefined constant status - assumed 'status' E:\xamp\htdocs\hlweb\runtime\Cache\Admin\1537dc1a60bf3f0c8cba043c2989173b.php 第 102 行.
NOTIC: [8] Use of undefined constant status - assumed 'status' E:\xamp\htdocs\hlweb\runtime\Cache\Admin\1537dc1a60bf3f0c8cba043c2989173b.php 第 103 行.
NOTIC: [8] Use of undefined constant id - assumed 'id' E:\xamp\htdocs\hlweb\runtime\Cache\Admin\1537dc1a60bf3f0c8cba043c2989173b.php 第 106 行.
NOTIC: [8] Use of undefined constant id - assumed 'id' E:\xamp\htdocs\hlweb\runtime\Cache\Admin\1537dc1a60bf3f0c8cba043c2989173b.php 第 107 行.
NOTIC: [8] Use of undefined constant status - assumed 'status' E:\xamp\htdocs\hlweb\runtime\Cache\Admin\1537dc1a60bf3f0c8cba043c2989173b.php 第 102 行.
NOTIC: [8] Use of undefined constant status - assumed 'status' E:\xamp\htdocs\hlweb\runtime\Cache\Admin\1537dc1a60bf3f0c8cba043c2989173b.php 第 102 行.
NOTIC: [8] Use of undefined constant status - assumed 'status' E:\xamp\htdocs\hlweb\runtime\Cache\Admin\1537dc1a60bf3f0c8cba043c2989173b.php 第 103 行.
NOTIC: [8] Use of undefined constant id - assumed 'id' E:\xamp\htdocs\hlweb\runtime\Cache\Admin\1537dc1a60bf3f0c8cba043c2989173b.php 第 106 行.
NOTIC: [8] Use of undefined constant id - assumed 'id' E:\xamp\htdocs\hlweb\runtime\Cache\Admin\1537dc1a60bf3f0c8cba043c2989173b.php 第 107 行.
NOTIC: [8] Use of undefined constant status - assumed 'status' E:\xamp\htdocs\hlweb\runtime\Cache\Admin\1537dc1a60bf3f0c8cba043c2989173b.php 第 102 行.
NOTIC: [8] Use of undefined constant status - assumed 'status' E:\xamp\htdocs\hlweb\runtime\Cache\Admin\1537dc1a60bf3f0c8cba043c2989173b.php 第 102 行.
NOTIC: [8] Use of undefined constant status - assumed 'status' E:\xamp\htdocs\hlweb\runtime\Cache\Admin\1537dc1a60bf3f0c8cba043c2989173b.php 第 103 行.
NOTIC: [8] Use of undefined constant id - assumed 'id' E:\xamp\htdocs\hlweb\runtime\Cache\Admin\1537dc1a60bf3f0c8cba043c2989173b.php 第 106 行.
NOTIC: [8] Use of undefined constant id - assumed 'id' E:\xamp\htdocs\hlweb\runtime\Cache\Admin\1537dc1a60bf3f0c8cba043c2989173b.php 第 107 行.
NOTIC: [8] Use of undefined constant status - assumed 'status' E:\xamp\htdocs\hlweb\runtime\Cache\Admin\1537dc1a60bf3f0c8cba043c2989173b.php 第 102 行.
NOTIC: [8] Use of undefined constant status - assumed 'status' E:\xamp\htdocs\hlweb\runtime\Cache\Admin\1537dc1a60bf3f0c8cba043c2989173b.php 第 102 行.
NOTIC: [8] Use of undefined constant status - assumed 'status' E:\xamp\htdocs\hlweb\runtime\Cache\Admin\1537dc1a60bf3f0c8cba043c2989173b.php 第 103 行.
NOTIC: [8] Use of undefined constant id - assumed 'id' E:\xamp\htdocs\hlweb\runtime\Cache\Admin\1537dc1a60bf3f0c8cba043c2989173b.php 第 106 行.
NOTIC: [8] Use of undefined constant id - assumed 'id' E:\xamp\htdocs\hlweb\runtime\Cache\Admin\1537dc1a60bf3f0c8cba043c2989173b.php 第 107 行.
INFO: Run Behavior\ParseTemplate [ RunTime:0.084722s ]
INFO: [ view_parse ] --END-- [ RunTime:0.084889s ]
INFO: [ view_filter ] --START--
INFO: Run Behavior\WriteHtmlCache [ RunTime:0.000997s ]
INFO: [ view_filter ] --END-- [ RunTime:0.001083s ]
INFO: [ app_end ] --START--
INFO: Run Behavior\ShowPageTrace [ RunTime:0.001155s ]
INFO: [ app_end ] --END-- [ RunTime:0.001261s ]

[ 2018-02-27T10:09:39+08:00 ] ::1 /hlweb/index.php/Admin/Index/change_password.html
INFO: [ app_begin ] --START--
INFO: Run Behavior\ReadHtmlCache [ RunTime:0.001955s ]
INFO: [ app_begin ] --END-- [ RunTime:0.002257s ]
ERR: _ERROR_ACTION_:change_password

[ 2018-02-27T10:11:33+08:00 ] ::1 /hlweb/index.php/Admin/Adv/index.html
INFO: [ app_begin ] --START--
INFO: Run Behavior\ReadHtmlCache [ RunTime:0.001018s ]
INFO: [ app_begin ] --END-- [ RunTime:0.001136s ]
NOTIC: [8192] mysql_connect(): The mysql extension is deprecated and will be removed in the future: use mysqli or PDO instead E:\xamp\htdocs\hlweb\ThinkPHP\Library\Think\Db\Driver\Mysql.class.php 第 52 行.
SQL: SHOW COLUMNS FROM `wx_adv` [ RunTime:0.093751s ]
NOTIC: [2] Invalid argument supplied for foreach() E:\xamp\htdocs\hlweb\ThinkPHP\Library\Think\Db.class.php 第 425 行.
SQL: SELECT COUNT(*) AS tp_count FROM `wx_adv` LIMIT 1   [ RunTime:0.000453s ]
NOTIC: [2] Invalid argument supplied for foreach() E:\xamp\htdocs\hlweb\ThinkPHP\Library\Think\Db.class.php 第 425 行.
SQL: SELECT * FROM `wx_adv` ORDER BY create_time DESC LIMIT 0,25   [ RunTime:0.001785s ]
INFO: [ view_parse ] --START--
INFO: [ template_filter ] --START--
INFO: Run Behavior\ContentReplace [ RunTime:0.000094s ]
INFO: [ template_filter ] --END-- [ RunTime:0.000165s ]
NOTIC: [8] Undefined variable: group_name E:\xamp\htdocs\hlweb\runtime\Cache\Admin\eecf382ac8a01f2a78856b93a7109daf.php 第 29 行.
NOTIC: [8] Undefined variable: module_name E:\xamp\htdocs\hlweb\runtime\Cache\Admin\eecf382ac8a01f2a78856b93a7109daf.php 第 30 行.
NOTIC: [8] Undefined variable: action_name E:\xamp\htdocs\hlweb\runtime\Cache\Admin\eecf382ac8a01f2a78856b93a7109daf.php 第 30 行.
NOTIC: [8] Undefined variable: group_name E:\xamp\htdocs\hlweb\runtime\Cache\Admin\eecf382ac8a01f2a78856b93a7109daf.php 第 30 行.
NOTIC: [8] Use of undefined constant status - assumed 'status' E:\xamp\htdocs\hlweb\runtime\Cache\Admin\eecf382ac8a01f2a78856b93a7109daf.php 第 74 行.
NOTIC: [8] Use of undefined constant status - assumed 'status' E:\xamp\htdocs\hlweb\runtime\Cache\Admin\eecf382ac8a01f2a78856b93a7109daf.php 第 74 行.
NOTIC: [8] Use of undefined constant status - assumed 'status' E:\xamp\htdocs\hlweb\runtime\Cache\Admin\eecf382ac8a01f2a78856b93a7109daf.php 第 75 行.
NOTIC: [8] Use of undefined constant id - assumed 'id' E:\xamp\htdocs\hlweb\runtime\Cache\Admin\eecf382ac8a01f2a78856b93a7109daf.php 第 78 行.
NOTIC: [8] Use of undefined constant id - assumed 'id' E:\xamp\htdocs\hlweb\runtime\Cache\Admin\eecf382ac8a01f2a78856b93a7109daf.php 第 79 行.
NOTIC: [8] Use of undefined constant status - assumed 'status' E:\xamp\htdocs\hlweb\runtime\Cache\Admin\eecf382ac8a01f2a78856b93a7109daf.php 第 74 行.
NOTIC: [8] Use of undefined constant status - assumed 'status' E:\xamp\htdocs\hlweb\runtime\Cache\Admin\eecf382ac8a01f2a78856b93a7109daf.php 第 74 行.
NOTIC: [8] Use of undefined constant status - assumed 'status' E:\xamp\htdocs\hlweb\runtime\Cache\Admin\eecf382ac8a01f2a78856b93a7109daf.php 第 75 行.
NOTIC: [8] Use of undefined constant id - assumed 'id' E:\xamp\htdocs\hlweb\runtime\Cache\Admin\eecf382ac8a01f2a78856b93a7109daf.php 第 78 行.
NOTIC: [8] Use of undefined constant id - assumed 'id' E:\xamp\htdocs\hlweb\runtime\Cache\Admin\eecf382ac8a01f2a78856b93a7109daf.php 第 79 行.
NOTIC: [8] Use of undefined constant status - assumed 'status' E:\xamp\htdocs\hlweb\runtime\Cache\Admin\eecf382ac8a01f2a78856b93a7109daf.php 第 74 行.
NOTIC: [8] Use of undefined constant status - assumed 'status' E:\xamp\htdocs\hlweb\runtime\Cache\Admin\eecf382ac8a01f2a78856b93a7109daf.php 第 74 行.
NOTIC: [8] Use of undefined constant status - assumed 'status' E:\xamp\htdocs\hlweb\runtime\Cache\Admin\eecf382ac8a01f2a78856b93a7109daf.php 第 75 行.
NOTIC: [8] Use of undefined constant id - assumed 'id' E:\xamp\htdocs\hlweb\runtime\Cache\Admin\eecf382ac8a01f2a78856b93a7109daf.php 第 78 行.
NOTIC: [8] Use of undefined constant id - assumed 'id' E:\xamp\htdocs\hlweb\runtime\Cache\Admin\eecf382ac8a01f2a78856b93a7109daf.php 第 79 行.
INFO: Run Behavior\ParseTemplate [ RunTime:0.099814s ]
INFO: [ view_parse ] --END-- [ RunTime:0.099999s ]
INFO: [ view_filter ] --START--
INFO: Run Behavior\WriteHtmlCache [ RunTime:0.001402s ]
INFO: [ view_filter ] --END-- [ RunTime:0.001581s ]
INFO: [ app_end ] --START--
INFO: Run Behavior\ShowPageTrace [ RunTime:0.001742s ]
INFO: [ app_end ] --END-- [ RunTime:0.001824s ]

[ 2018-02-27T10:12:47+08:00 ] ::1 /hlweb/index.php/Admin/Public/loginout.html
INFO: [ app_begin ] --START--
INFO: Run Behavior\ReadHtmlCache [ RunTime:0.000638s ]
INFO: [ app_begin ] --END-- [ RunTime:0.000735s ]

[ 2018-02-27T10:12:47+08:00 ] ::1 /hlweb/index.php/Admin/Public/login.html
INFO: [ app_begin ] --START--
INFO: Run Behavior\ReadHtmlCache [ RunTime:0.000730s ]
INFO: [ app_begin ] --END-- [ RunTime:0.000844s ]
INFO: [ view_parse ] --START--
INFO: [ template_filter ] --START--
INFO: Run Behavior\ContentReplace [ RunTime:0.000052s ]
INFO: [ template_filter ] --END-- [ RunTime:0.000138s ]
INFO: Run Behavior\ParseTemplate [ RunTime:0.045866s ]
INFO: [ view_parse ] --END-- [ RunTime:0.045961s ]
INFO: [ view_filter ] --START--
INFO: Run Behavior\WriteHtmlCache [ RunTime:0.000383s ]
INFO: [ view_filter ] --END-- [ RunTime:0.000452s ]
INFO: [ app_end ] --START--
INFO: Run Behavior\ShowPageTrace [ RunTime:0.000765s ]
INFO: [ app_end ] --END-- [ RunTime:0.000845s ]

[ 2018-02-27T10:14:53+08:00 ] ::1 /hlweb/index.php/Admin/Public/checklogin.html
INFO: [ app_begin ] --START--
INFO: Run Behavior\ReadHtmlCache [ RunTime:0.147330s ]
INFO: [ app_begin ] --END-- [ RunTime:0.147497s ]
NOTIC: [8192] mysql_connect(): The mysql extension is deprecated and will be removed in the future: use mysqli or PDO instead E:\xamp\htdocs\hlweb\ThinkPHP\Library\Think\Db\Driver\Mysql.class.php 第 52 行.
SQL: SHOW COLUMNS FROM `wx_base` [ RunTime:0.249497s ]
ERR: 1146:Table 'cxjp.wx_base' doesn't exist
 [ SQL语句 ] : SHOW COLUMNS FROM `wx_base`
SQL: SHOW COLUMNS FROM `wx_adminer` [ RunTime:0.272477s ]
SQL: SELECT * FROM `wx_adminer` WHERE ( `name` = 'admin' ) LIMIT 1   [ RunTime:0.166318s ]

[ 2018-02-27T10:15:12+08:00 ] ::1 /hlweb/index.php/Admin/Public/checklogin.html
INFO: [ app_begin ] --START--
INFO: Run Behavior\ReadHtmlCache [ RunTime:0.003937s ]
INFO: [ app_begin ] --END-- [ RunTime:0.004479s ]
NOTIC: [8192] mysql_connect(): The mysql extension is deprecated and will be removed in the future: use mysqli or PDO instead E:\xamp\htdocs\hlweb\ThinkPHP\Library\Think\Db\Driver\Mysql.class.php 第 52 行.
SQL: SHOW COLUMNS FROM `wx_base` [ RunTime:0.189682s ]
ERR: 1146:Table 'cxjp.wx_base' doesn't exist
 [ SQL语句 ] : SHOW COLUMNS FROM `wx_base`
SQL: SHOW COLUMNS FROM `wx_adminer` [ RunTime:0.172311s ]
SQL: SELECT * FROM `wx_adminer` WHERE ( `name` = 'root' ) LIMIT 1   [ RunTime:0.118906s ]

[ 2018-02-27T10:15:15+08:00 ] ::1 /hlweb/index.php/Admin/Index/index.html
INFO: [ app_begin ] --START--
INFO: Run Behavior\ReadHtmlCache [ RunTime:0.001267s ]
INFO: [ app_begin ] --END-- [ RunTime:0.001461s ]
INFO: [ view_parse ] --START--
INFO: [ template_filter ] --START--
INFO: Run Behavior\ContentReplace [ RunTime:0.005132s ]
INFO: [ template_filter ] --END-- [ RunTime:0.005404s ]
INFO: Run Behavior\ParseTemplate [ RunTime:1.929101s ]
INFO: [ view_parse ] --END-- [ RunTime:1.929205s ]
INFO: [ view_filter ] --START--
INFO: Run Behavior\WriteHtmlCache [ RunTime:0.064841s ]
INFO: [ view_filter ] --END-- [ RunTime:0.064934s ]
INFO: [ app_end ] --START--
INFO: Run Behavior\ShowPageTrace [ RunTime:0.062720s ]
INFO: [ app_end ] --END-- [ RunTime:0.062863s ]

[ 2018-02-27T10:15:16+08:00 ] ::1 /hlweb/index.php/Admin/Index/shouye.html
INFO: [ app_begin ] --START--
INFO: Run Behavior\ReadHtmlCache [ RunTime:0.000744s ]
INFO: [ app_begin ] --END-- [ RunTime:0.000875s ]
NOTIC: [8192] mysql_connect(): The mysql extension is deprecated and will be removed in the future: use mysqli or PDO instead E:\xamp\htdocs\hlweb\ThinkPHP\Library\Think\Db\Driver\Mysql.class.php 第 52 行.
SQL: SHOW COLUMNS FROM `wx_order_goods` [ RunTime:0.130814s ]
SQL: SELECT SUM(order_money) AS tp_sum FROM `wx_order_goods` WHERE ( `pay_status` = 2 ) LIMIT 1   [ RunTime:0.005213s ]
SQL: SHOW COLUMNS FROM `wx_orders` [ RunTime:0.044451s ]
NOTIC: [2] Invalid argument supplied for foreach() E:\xamp\htdocs\hlweb\ThinkPHP\Library\Think\Db.class.php 第 425 行.
SQL: SELECT COUNT(*) AS tp_count FROM `wx_orders` LIMIT 1   [ RunTime:0.012770s ]
INFO: [ view_parse ] --START--
INFO: [ template_filter ] --START--
INFO: Run Behavior\ContentReplace [ RunTime:0.000214s ]
INFO: [ template_filter ] --END-- [ RunTime:0.000293s ]
NOTIC: [8] Undefined variable: group_name E:\xamp\htdocs\hlweb\runtime\Cache\Admin\128ab25a5bcea3f3f4aba13f4e94dcd4.php 第 29 行.
NOTIC: [8] Undefined variable: module_name E:\xamp\htdocs\hlweb\runtime\Cache\Admin\128ab25a5bcea3f3f4aba13f4e94dcd4.php 第 30 行.
NOTIC: [8] Undefined variable: action_name E:\xamp\htdocs\hlweb\runtime\Cache\Admin\128ab25a5bcea3f3f4aba13f4e94dcd4.php 第 30 行.
NOTIC: [8] Undefined variable: group_name E:\xamp\htdocs\hlweb\runtime\Cache\Admin\128ab25a5bcea3f3f4aba13f4e94dcd4.php 第 30 行.
INFO: Run Behavior\ParseTemplate [ RunTime:0.105259s ]
INFO: [ view_parse ] --END-- [ RunTime:0.105371s ]
INFO: [ view_filter ] --START--
INFO: Run Behavior\WriteHtmlCache [ RunTime:0.000700s ]
INFO: [ view_filter ] --END-- [ RunTime:0.000800s ]
INFO: [ app_end ] --START--
INFO: Run Behavior\ShowPageTrace [ RunTime:0.002007s ]
INFO: [ app_end ] --END-- [ RunTime:0.002121s ]

